::1 - - [31/Mar/2023:17:17:06 +0100] "GET / HTTP/1.1" 200 1258
::1 - - [31/Mar/2023:17:17:07 +0100] "GET /loginsystem/style.css HTTP/1.1" 200 1133
::1 - - [31/Mar/2023:17:17:08 +0100] "GET /favicon.ico HTTP/1.1" 404 196
::1 - - [31/Mar/2023:17:17:10 +0100] "POST /index.php HTTP/1.1" 302 1258
::1 - - [31/Mar/2023:17:17:11 +0100] "GET /home.php HTTP/1.1" 200 1975
::1 - - [31/Mar/2023:17:17:11 +0100] "GET /css/home.css HTTP/1.1" 200 414
::1 - - [31/Mar/2023:17:17:11 +0100] "GET /css/nav.css HTTP/1.1" 200 1389
::1 - - [31/Mar/2023:17:17:11 +0100] "GET /css/sidebar.css HTTP/1.1" 200 624
::1 - - [31/Mar/2023:17:17:11 +0100] "GET /javascript/navbar.js HTTP/1.1" 200 469
::1 - - [31/Mar/2023:17:17:11 +0100] "GET /img/math-banner.png HTTP/1.1" 200 116000
::1 - - [31/Mar/2023:17:17:11 +0100] "GET /img/tree-banner.png HTTP/1.1" 200 53735
::1 - - [31/Mar/2023:17:17:11 +0100] "GET /img/vr-banner.png HTTP/1.1" 200 68950
::1 - - [31/Mar/2023:17:17:14 +0100] "GET /tree-data-structure.php HTTP/1.1" 200 1916
::1 - - [31/Mar/2023:17:17:14 +0100] "GET /css/tree.css HTTP/1.1" 200 955
::1 - - [31/Mar/2023:17:17:14 +0100] "GET /css/vr.css HTTP/1.1" 200 388
::1 - - [31/Mar/2023:17:17:14 +0100] "GET /javascript/binarytree.js HTTP/1.1" 200 1989
::1 - - [31/Mar/2023:17:22:20 +0100] "GET /tree-data-structure.php HTTP/1.1" 200 1916
::1 - - [31/Mar/2023:17:22:20 +0100] "GET /javascript/navbar.js HTTP/1.1" 304 -
::1 - - [31/Mar/2023:17:22:20 +0100] "GET /css/nav.css HTTP/1.1" 304 -
::1 - - [31/Mar/2023:17:22:20 +0100] "GET /css/vr.css HTTP/1.1" 304 -
::1 - - [31/Mar/2023:17:22:20 +0100] "GET /css/sidebar.css HTTP/1.1" 304 -
::1 - - [31/Mar/2023:17:22:20 +0100] "GET /javascript/binarytree.js HTTP/1.1" 304 -
::1 - - [31/Mar/2023:17:22:20 +0100] "GET /css/tree.css HTTP/1.1" 200 995
::1 - - [31/Mar/2023:17:22:42 +0100] "GET /tree-data-structure.php HTTP/1.1" 200 1916
::1 - - [31/Mar/2023:17:22:42 +0100] "GET /css/tree.css HTTP/1.1" 200 993
::1 - - [31/Mar/2023:17:22:56 +0100] "GET /tree-data-structure.php HTTP/1.1" 200 1916
::1 - - [31/Mar/2023:17:22:56 +0100] "GET /css/tree.css HTTP/1.1" 200 994
::1 - - [31/Mar/2023:17:23:13 +0100] "GET /tree-data-structure.php HTTP/1.1" 200 1916
::1 - - [31/Mar/2023:17:23:13 +0100] "GET /css/tree.css HTTP/1.1" 200 994
::1 - - [31/Mar/2023:17:23:46 +0100] "GET /tree-data-structure.php HTTP/1.1" 200 1916
::1 - - [31/Mar/2023:17:23:46 +0100] "GET /css/tree.css HTTP/1.1" 200 1036
::1 - - [31/Mar/2023:17:23:59 +0100] "GET /tree-data-structure.php HTTP/1.1" 200 1916
::1 - - [31/Mar/2023:17:23:59 +0100] "GET /css/tree.css HTTP/1.1" 200 1035
::1 - - [31/Mar/2023:17:24:42 +0100] "GET /tree-data-structure.php HTTP/1.1" 200 1916
::1 - - [31/Mar/2023:17:24:42 +0100] "GET /css/tree.css HTTP/1.1" 200 1037
::1 - - [31/Mar/2023:17:25:42 +0100] "-" 408 -
::1 - - [31/Mar/2023:17:32:05 +0100] "GET /css/tree.css HTTP/1.1" 304 -
::1 - - [31/Mar/2023:17:32:05 +0100] "GET /css/nav.css HTTP/1.1" 304 -
::1 - - [31/Mar/2023:17:32:05 +0100] "GET /css/vr.css HTTP/1.1" 304 -
::1 - - [31/Mar/2023:17:32:05 +0100] "GET /css/sidebar.css HTTP/1.1" 304 -
::1 - - [31/Mar/2023:17:57:33 +0100] "GET /tree-data-structure.php HTTP/1.1" 200 1916
::1 - - [31/Mar/2023:17:57:33 +0100] "GET /javascript/navbar.js HTTP/1.1" 304 -
::1 - - [31/Mar/2023:17:57:33 +0100] "GET /css/sidebar.css HTTP/1.1" 304 -
::1 - - [31/Mar/2023:17:57:33 +0100] "GET /css/vr.css HTTP/1.1" 304 -
::1 - - [31/Mar/2023:17:57:33 +0100] "GET /css/nav.css HTTP/1.1" 304 -
::1 - - [31/Mar/2023:17:57:33 +0100] "GET /javascript/binarytree.js HTTP/1.1" 304 -
::1 - - [31/Mar/2023:17:57:33 +0100] "GET /css/tree.css HTTP/1.1" 200 1037
::1 - - [31/Mar/2023:17:58:51 +0100] "GET /tree-data-structure.php HTTP/1.1" 200 1916
::1 - - [31/Mar/2023:17:58:51 +0100] "GET /css/tree.css HTTP/1.1" 200 1063
::1 - - [31/Mar/2023:17:59:51 +0100] "-" 408 -
::1 - - [31/Mar/2023:18:02:50 +0100] "GET /tree-data-structure.php HTTP/1.1" 200 1916
::1 - - [31/Mar/2023:18:02:50 +0100] "GET /css/tree.css HTTP/1.1" 200 1091
::1 - - [31/Mar/2023:18:03:05 +0100] "GET /tree-data-structure.php HTTP/1.1" 200 1916
::1 - - [31/Mar/2023:18:03:05 +0100] "GET /css/tree.css HTTP/1.1" 200 1089
::1 - - [31/Mar/2023:18:03:16 +0100] "GET /tree-data-structure.php HTTP/1.1" 200 1916
::1 - - [31/Mar/2023:18:03:16 +0100] "GET /css/tree.css HTTP/1.1" 200 1089
::1 - - [31/Mar/2023:18:04:00 +0100] "GET /tree-data-structure.php HTTP/1.1" 200 1916
::1 - - [31/Mar/2023:18:04:01 +0100] "GET /css/tree.css HTTP/1.1" 200 1089
::1 - - [31/Mar/2023:18:04:08 +0100] "GET /tree-data-structure.php HTTP/1.1" 200 1916
::1 - - [31/Mar/2023:18:04:08 +0100] "GET /javascript/navbar.js HTTP/1.1" 200 469
::1 - - [31/Mar/2023:18:04:08 +0100] "GET /css/tree.css HTTP/1.1" 200 1089
::1 - - [31/Mar/2023:18:04:08 +0100] "GET /css/nav.css HTTP/1.1" 200 1389
::1 - - [31/Mar/2023:18:04:08 +0100] "GET /css/vr.css HTTP/1.1" 200 388
::1 - - [31/Mar/2023:18:04:08 +0100] "GET /javascript/binarytree.js HTTP/1.1" 200 1989
::1 - - [31/Mar/2023:18:04:08 +0100] "GET /css/sidebar.css HTTP/1.1" 200 624
::1 - - [31/Mar/2023:18:04:08 +0100] "GET /favicon.ico HTTP/1.1" 404 196
::1 - - [31/Mar/2023:18:04:48 +0100] "GET /tree-data-structure.php HTTP/1.1" 200 1916
::1 - - [31/Mar/2023:18:04:48 +0100] "GET /css/tree.css HTTP/1.1" 200 1084
::1 - - [31/Mar/2023:18:05:01 +0100] "GET /tree-data-structure.php HTTP/1.1" 200 1916
::1 - - [31/Mar/2023:18:05:02 +0100] "GET /css/tree.css HTTP/1.1" 200 1084
::1 - - [31/Mar/2023:18:05:13 +0100] "GET /tree-data-structure.php HTTP/1.1" 200 1916
::1 - - [31/Mar/2023:18:05:13 +0100] "GET /css/tree.css HTTP/1.1" 200 1085
::1 - - [31/Mar/2023:18:05:21 +0100] "GET /tree-data-structure.php HTTP/1.1" 200 1916
::1 - - [31/Mar/2023:18:05:21 +0100] "GET /css/tree.css HTTP/1.1" 200 1084
::1 - - [31/Mar/2023:18:05:45 +0100] "GET /tree-data-structure.php HTTP/1.1" 200 1916
::1 - - [31/Mar/2023:18:05:45 +0100] "GET /css/tree.css HTTP/1.1" 200 1089
::1 - - [31/Mar/2023:18:09:45 +0100] "GET /tree-data-structure.php HTTP/1.1" 200 1916
::1 - - [31/Mar/2023:18:09:45 +0100] "GET /css/tree.css HTTP/1.1" 304 -
::1 - - [31/Mar/2023:18:09:56 +0100] "GET /tree-data-structure.php HTTP/1.1" 200 1916
::1 - - [31/Mar/2023:18:09:57 +0100] "GET /javascript/navbar.js HTTP/1.1" 200 469
::1 - - [31/Mar/2023:18:09:57 +0100] "GET /css/tree.css HTTP/1.1" 200 1089
::1 - - [31/Mar/2023:18:09:57 +0100] "GET /css/nav.css HTTP/1.1" 200 1389
::1 - - [31/Mar/2023:18:09:57 +0100] "GET /css/vr.css HTTP/1.1" 200 388
::1 - - [31/Mar/2023:18:09:57 +0100] "GET /css/sidebar.css HTTP/1.1" 200 624
::1 - - [31/Mar/2023:18:09:57 +0100] "GET /javascript/binarytree.js HTTP/1.1" 200 2187
::1 - - [31/Mar/2023:18:09:57 +0100] "GET /favicon.ico HTTP/1.1" 404 196
::1 - - [31/Mar/2023:18:10:41 +0100] "GET /tree-data-structure.php HTTP/1.1" 200 1916
::1 - - [31/Mar/2023:18:10:41 +0100] "GET /css/tree.css HTTP/1.1" 304 -
::1 - - [31/Mar/2023:18:10:41 +0100] "GET /javascript/binarytree.js HTTP/1.1" 200 2187
::1 - - [31/Mar/2023:18:10:59 +0100] "GET /tree-data-structure.php HTTP/1.1" 200 1916
::1 - - [31/Mar/2023:18:10:59 +0100] "GET /javascript/binarytree.js HTTP/1.1" 304 -
::1 - - [31/Mar/2023:18:11:04 +0100] "GET /tree-data-structure.php HTTP/1.1" 200 1916
::1 - - [31/Mar/2023:18:11:04 +0100] "GET /javascript/navbar.js HTTP/1.1" 200 469
::1 - - [31/Mar/2023:18:11:04 +0100] "GET /css/nav.css HTTP/1.1" 200 1389
::1 - - [31/Mar/2023:18:11:04 +0100] "GET /css/vr.css HTTP/1.1" 200 388
::1 - - [31/Mar/2023:18:11:04 +0100] "GET /css/sidebar.css HTTP/1.1" 200 624
::1 - - [31/Mar/2023:18:11:04 +0100] "GET /javascript/binarytree.js HTTP/1.1" 200 2187
::1 - - [31/Mar/2023:18:11:04 +0100] "GET /css/tree.css HTTP/1.1" 200 1037
::1 - - [31/Mar/2023:18:11:04 +0100] "GET /favicon.ico HTTP/1.1" 404 196
::1 - - [31/Mar/2023:18:23:46 +0100] "GET /tree-data-structure.php HTTP/1.1" 200 1916
::1 - - [31/Mar/2023:18:23:47 +0100] "GET /javascript/navbar.js HTTP/1.1" 304 -
::1 - - [31/Mar/2023:18:23:47 +0100] "GET /css/tree.css HTTP/1.1" 304 -
::1 - - [31/Mar/2023:18:23:47 +0100] "GET /css/nav.css HTTP/1.1" 304 -
::1 - - [31/Mar/2023:18:23:47 +0100] "GET /css/vr.css HTTP/1.1" 304 -
::1 - - [31/Mar/2023:18:23:47 +0100] "GET /css/sidebar.css HTTP/1.1" 304 -
::1 - - [31/Mar/2023:18:23:47 +0100] "GET /javascript/binarytree.js HTTP/1.1" 200 2318
::1 - - [31/Mar/2023:18:24:09 +0100] "GET /tree-data-structure.php HTTP/1.1" 200 1916
::1 - - [31/Mar/2023:18:24:09 +0100] "GET /javascript/binarytree.js HTTP/1.1" 304 -
::1 - - [31/Mar/2023:18:25:06 +0100] "GET /tree-data-structure.php HTTP/1.1" 200 1916
::1 - - [31/Mar/2023:18:25:06 +0100] "GET /css/tree.css HTTP/1.1" 304 -
::1 - - [31/Mar/2023:18:25:06 +0100] "GET /javascript/binarytree.js HTTP/1.1" 200 2314
::1 - - [31/Mar/2023:18:25:34 +0100] "GET /tree-data-structure.php HTTP/1.1" 200 1916
::1 - - [31/Mar/2023:18:25:34 +0100] "GET /javascript/binarytree.js HTTP/1.1" 200 2316
::1 - - [31/Mar/2023:18:25:38 +0100] "GET /tree-data-structure.php HTTP/1.1" 200 1916
::1 - - [31/Mar/2023:18:25:38 +0100] "GET /javascript/binarytree.js HTTP/1.1" 304 -
::1 - - [31/Mar/2023:18:25:39 +0100] "GET /tree-data-structure.php HTTP/1.1" 200 1916
::1 - - [31/Mar/2023:18:25:39 +0100] "GET /javascript/binarytree.js HTTP/1.1" 304 -
::1 - - [31/Mar/2023:18:25:51 +0100] "GET /tree-data-structure.php HTTP/1.1" 200 1916
::1 - - [31/Mar/2023:18:25:51 +0100] "GET /javascript/binarytree.js HTTP/1.1" 200 2316
::1 - - [31/Mar/2023:18:25:54 +0100] "GET /tree-data-structure.php HTTP/1.1" 200 1916
::1 - - [31/Mar/2023:18:25:54 +0100] "GET /javascript/binarytree.js HTTP/1.1" 304 -
::1 - - [31/Mar/2023:18:26:08 +0100] "GET /tree-data-structure.php HTTP/1.1" 200 1916
::1 - - [31/Mar/2023:18:26:08 +0100] "GET /javascript/binarytree.js HTTP/1.1" 200 2316
::1 - - [31/Mar/2023:18:26:53 +0100] "GET /tree-data-structure.php HTTP/1.1" 200 1916
::1 - - [31/Mar/2023:18:26:53 +0100] "GET /css/tree.css HTTP/1.1" 304 -
::1 - - [31/Mar/2023:18:26:53 +0100] "GET /javascript/binarytree.js HTTP/1.1" 200 2218
::1 - - [31/Mar/2023:18:33:58 +0100] "GET /tree-data-structure.php HTTP/1.1" 200 1953
::1 - - [31/Mar/2023:18:33:58 +0100] "GET /css/tree.css HTTP/1.1" 304 -
::1 - - [31/Mar/2023:18:33:58 +0100] "GET /javascript/binarytree.js HTTP/1.1" 200 5190
::1 - - [31/Mar/2023:18:35:00 +0100] "GET /tree-data-structure.php HTTP/1.1" 200 1950
::1 - - [31/Mar/2023:18:35:00 +0100] "GET /javascript/binarytree.js HTTP/1.1" 304 -
::1 - - [31/Mar/2023:18:35:04 +0100] "GET /tree-data-structure.php HTTP/1.1" 200 1950
::1 - - [31/Mar/2023:18:35:06 +0100] "GET /tree-data-structure.php HTTP/1.1" 200 1950
::1 - - [31/Mar/2023:18:35:06 +0100] "GET /javascript/navbar.js HTTP/1.1" 200 469
::1 - - [31/Mar/2023:18:35:06 +0100] "GET /css/tree.css HTTP/1.1" 200 1037
::1 - - [31/Mar/2023:18:35:06 +0100] "GET /css/nav.css HTTP/1.1" 200 1389
::1 - - [31/Mar/2023:18:35:06 +0100] "GET /css/vr.css HTTP/1.1" 200 388
::1 - - [31/Mar/2023:18:35:06 +0100] "GET /css/sidebar.css HTTP/1.1" 200 624
::1 - - [31/Mar/2023:18:35:06 +0100] "GET /javascript/binarytree.js HTTP/1.1" 200 5190
::1 - - [31/Mar/2023:18:35:07 +0100] "GET /favicon.ico HTTP/1.1" 404 196
::1 - - [31/Mar/2023:18:36:24 +0100] "GET /tree-data-structure.php HTTP/1.1" 200 1950
::1 - - [31/Mar/2023:18:36:25 +0100] "GET /javascript/binarytree.js HTTP/1.1" 304 -
::1 - - [31/Mar/2023:18:36:29 +0100] "GET /home.php HTTP/1.1" 200 1975
::1 - - [31/Mar/2023:18:36:29 +0100] "GET /css/home.css HTTP/1.1" 200 414
::1 - - [31/Mar/2023:18:36:29 +0100] "GET /img/tree-banner.png HTTP/1.1" 200 53735
::1 - - [31/Mar/2023:18:36:29 +0100] "GET /img/math-banner.png HTTP/1.1" 200 116000
::1 - - [31/Mar/2023:18:36:29 +0100] "GET /img/vr-banner.png HTTP/1.1" 200 68950
::1 - - [31/Mar/2023:18:36:31 +0100] "GET /VR.php HTTP/1.1" 200 7995
::1 - - [31/Mar/2023:18:36:37 +0100] "GET /tree-data-structure.php HTTP/1.1" 200 1950
::1 - - [31/Mar/2023:18:37:15 +0100] "GET /tree-data-structure.php HTTP/1.1" 200 1977
::1 - - [31/Mar/2023:18:37:16 +0100] "GET /javascript/binarytree.js HTTP/1.1" 304 -
::1 - - [31/Mar/2023:18:37:22 +0100] "GET /tree-data-structure.php HTTP/1.1" 200 1977
::1 - - [31/Mar/2023:18:37:22 +0100] "GET /javascript/navbar.js HTTP/1.1" 200 469
::1 - - [31/Mar/2023:18:37:22 +0100] "GET /css/tree.css HTTP/1.1" 200 1037
::1 - - [31/Mar/2023:18:37:22 +0100] "GET /css/nav.css HTTP/1.1" 200 1389
::1 - - [31/Mar/2023:18:37:22 +0100] "GET /css/vr.css HTTP/1.1" 200 388
::1 - - [31/Mar/2023:18:37:22 +0100] "GET /css/sidebar.css HTTP/1.1" 200 624
::1 - - [31/Mar/2023:18:37:22 +0100] "GET /javascript/binarytree.js HTTP/1.1" 200 5190
::1 - - [31/Mar/2023:18:37:23 +0100] "GET /favicon.ico HTTP/1.1" 404 196
::1 - - [31/Mar/2023:18:37:47 +0100] "GET /tree-data-structure.php HTTP/1.1" 200 1981
::1 - - [31/Mar/2023:18:37:47 +0100] "GET /javascript/binarytree.js HTTP/1.1" 304 -
::1 - - [31/Mar/2023:18:38:10 +0100] "GET /tree-data-structure.php HTTP/1.1" 200 1981
::1 - - [31/Mar/2023:18:38:13 +0100] "GET /tree-data-structure.php HTTP/1.1" 200 1981
::1 - - [31/Mar/2023:18:38:13 +0100] "GET /javascript/navbar.js HTTP/1.1" 200 469
::1 - - [31/Mar/2023:18:38:13 +0100] "GET /css/tree.css HTTP/1.1" 200 1037
::1 - - [31/Mar/2023:18:38:13 +0100] "GET /css/nav.css HTTP/1.1" 200 1389
::1 - - [31/Mar/2023:18:38:13 +0100] "GET /css/vr.css HTTP/1.1" 200 388
::1 - - [31/Mar/2023:18:38:13 +0100] "GET /css/sidebar.css HTTP/1.1" 200 624
::1 - - [31/Mar/2023:18:38:13 +0100] "GET /javascript/binarytree.js HTTP/1.1" 200 5190
::1 - - [31/Mar/2023:18:38:14 +0100] "GET /favicon.ico HTTP/1.1" 404 196
::1 - - [31/Mar/2023:18:41:45 +0100] "GET /tree-data-structure.php HTTP/1.1" 200 1981
::1 - - [31/Mar/2023:18:41:45 +0100] "GET /javascript/binarytree.js HTTP/1.1" 304 -
::1 - - [31/Mar/2023:18:41:45 +0100] "GET /css/tree.css HTTP/1.1" 200 524
::1 - - [31/Mar/2023:18:42:36 +0100] "GET /tree-data-structure.php HTTP/1.1" 200 1981
::1 - - [31/Mar/2023:18:42:36 +0100] "GET /javascript/binarytree.js HTTP/1.1" 304 -
::1 - - [31/Mar/2023:18:42:36 +0100] "GET /css/tree.css HTTP/1.1" 200 555
::1 - - [31/Mar/2023:18:43:09 +0100] "GET /tree-data-structure.php HTTP/1.1" 200 1981
::1 - - [31/Mar/2023:18:43:09 +0100] "GET /css/tree.css HTTP/1.1" 200 553
::1 - - [31/Mar/2023:18:44:28 +0100] "GET /tree-data-structure.php HTTP/1.1" 200 1981
::1 - - [31/Mar/2023:18:44:28 +0100] "GET /css/tree.css HTTP/1.1" 304 -
::1 - - [31/Mar/2023:18:44:28 +0100] "GET /javascript/binarytree.js HTTP/1.1" 304 -
::1 - - [31/Mar/2023:18:44:45 +0100] "GET /tree-data-structure.php HTTP/1.1" 200 1981
::1 - - [31/Mar/2023:18:44:45 +0100] "GET /css/tree.css HTTP/1.1" 200 553
::1 - - [31/Mar/2023:18:44:45 +0100] "GET /javascript/navbar.js HTTP/1.1" 200 469
::1 - - [31/Mar/2023:18:44:45 +0100] "GET /css/nav.css HTTP/1.1" 200 1389
::1 - - [31/Mar/2023:18:44:45 +0100] "GET /javascript/binarytree.js HTTP/1.1" 200 5190
::1 - - [31/Mar/2023:18:44:45 +0100] "GET /css/vr.css HTTP/1.1" 200 388
::1 - - [31/Mar/2023:18:44:45 +0100] "GET /css/sidebar.css HTTP/1.1" 200 624
::1 - - [31/Mar/2023:18:44:45 +0100] "GET /favicon.ico HTTP/1.1" 404 196
::1 - - [31/Mar/2023:18:50:21 +0100] "GET /tree-data-structure.php HTTP/1.1" 200 5165
::1 - - [31/Mar/2023:18:50:21 +0100] "GET /css/tree.css HTTP/1.1" 200 524
::1 - - [31/Mar/2023:18:51:58 +0100] "GET /tree-data-structure.php HTTP/1.1" 200 1516
::1 - - [31/Mar/2023:18:51:58 +0100] "GET /css/tree.css HTTP/1.1" 304 -
::1 - - [31/Mar/2023:18:51:59 +0100] "GET /javascript/binarytree.js HTTP/1.1" 200 5191
::1 - - [31/Mar/2023:18:58:23 +0100] "GET /tree-data-structure.php HTTP/1.1" 200 1516
::1 - - [31/Mar/2023:18:58:23 +0100] "GET /css/tree.css HTTP/1.1" 304 -
::1 - - [31/Mar/2023:18:58:23 +0100] "GET /javascript/binarytree.js HTTP/1.1" 200 5199
::1 - - [31/Mar/2023:19:03:05 +0100] "GET /tree-data-structure.php HTTP/1.1" 200 1516
::1 - - [31/Mar/2023:19:03:05 +0100] "GET /javascript/navbar.js HTTP/1.1" 304 -
::1 - - [31/Mar/2023:19:03:05 +0100] "GET /css/tree.css HTTP/1.1" 304 -
::1 - - [31/Mar/2023:19:03:05 +0100] "GET /css/vr.css HTTP/1.1" 304 -
::1 - - [31/Mar/2023:19:03:05 +0100] "GET /javascript/binarytree.js HTTP/1.1" 200 5190
::1 - - [31/Mar/2023:19:03:05 +0100] "GET /css/nav.css HTTP/1.1" 304 -
::1 - - [31/Mar/2023:19:03:05 +0100] "GET /css/sidebar.css HTTP/1.1" 304 -
::1 - - [31/Mar/2023:19:03:08 +0100] "GET /tree-data-structure.php HTTP/1.1" 200 1516
::1 - - [31/Mar/2023:19:03:10 +0100] "GET /tree-data-structure.php HTTP/1.1" 200 1516
::1 - - [31/Mar/2023:19:03:10 +0100] "GET /javascript/navbar.js HTTP/1.1" 200 469
::1 - - [31/Mar/2023:19:03:10 +0100] "GET /css/tree.css HTTP/1.1" 200 524
::1 - - [31/Mar/2023:19:03:10 +0100] "GET /css/nav.css HTTP/1.1" 200 1389
::1 - - [31/Mar/2023:19:03:10 +0100] "GET /css/vr.css HTTP/1.1" 200 388
::1 - - [31/Mar/2023:19:03:10 +0100] "GET /css/sidebar.css HTTP/1.1" 200 624
::1 - - [31/Mar/2023:19:03:10 +0100] "GET /javascript/binarytree.js HTTP/1.1" 200 5190
::1 - - [31/Mar/2023:19:03:11 +0100] "GET /favicon.ico HTTP/1.1" 404 196
::1 - - [31/Mar/2023:19:06:17 +0100] "GET /tree-data-structure.php HTTP/1.1" 200 1493
::1 - - [31/Mar/2023:19:06:17 +0100] "GET /css/tree.css HTTP/1.1" 304 -
::1 - - [31/Mar/2023:19:06:17 +0100] "GET /javascript/binarytree.js HTTP/1.1" 304 -
::1 - - [31/Mar/2023:19:08:23 +0100] "GET /tree-data-structure.php HTTP/1.1" 200 1493
::1 - - [31/Mar/2023:19:08:23 +0100] "GET /css/tree.css HTTP/1.1" 304 -
::1 - - [31/Mar/2023:19:08:23 +0100] "GET /javascript/binarytree.js HTTP/1.1" 200 5186
::1 - - [31/Mar/2023:19:09:35 +0100] "GET /tree-data-structure.php HTTP/1.1" 200 1519
::1 - - [31/Mar/2023:19:09:35 +0100] "GET /javascript/binarytree.js HTTP/1.1" 304 -
::1 - - [31/Mar/2023:19:09:39 +0100] "GET /tree-data-structure.php HTTP/1.1" 200 1519
::1 - - [31/Mar/2023:19:09:39 +0100] "GET /javascript/navbar.js HTTP/1.1" 200 469
::1 - - [31/Mar/2023:19:09:39 +0100] "GET /css/tree.css HTTP/1.1" 200 524
::1 - - [31/Mar/2023:19:09:39 +0100] "GET /css/nav.css HTTP/1.1" 200 1389
::1 - - [31/Mar/2023:19:09:39 +0100] "GET /css/vr.css HTTP/1.1" 200 388
::1 - - [31/Mar/2023:19:09:39 +0100] "GET /css/sidebar.css HTTP/1.1" 200 624
::1 - - [31/Mar/2023:19:09:39 +0100] "GET /javascript/binarytree.js HTTP/1.1" 200 5186
::1 - - [31/Mar/2023:19:09:40 +0100] "GET /favicon.ico HTTP/1.1" 404 196
::1 - - [31/Mar/2023:19:10:21 +0100] "GET /tree-data-structure.php HTTP/1.1" 200 1519
::1 - - [31/Mar/2023:19:10:22 +0100] "GET /javascript/binarytree.js HTTP/1.1" 304 -
::1 - - [31/Mar/2023:19:10:27 +0100] "GET /tree-data-structure.php HTTP/1.1" 200 1519
::1 - - [31/Mar/2023:19:10:27 +0100] "GET /javascript/navbar.js HTTP/1.1" 200 469
::1 - - [31/Mar/2023:19:10:27 +0100] "GET /css/nav.css HTTP/1.1" 200 1389
::1 - - [31/Mar/2023:19:10:27 +0100] "GET /css/sidebar.css HTTP/1.1" 200 624
::1 - - [31/Mar/2023:19:10:27 +0100] "GET /css/vr.css HTTP/1.1" 200 388
::1 - - [31/Mar/2023:19:10:27 +0100] "GET /javascript/binarytree.js HTTP/1.1" 200 5186
::1 - - [31/Mar/2023:19:10:27 +0100] "GET /css/tree.css HTTP/1.1" 200 556
::1 - - [31/Mar/2023:19:10:28 +0100] "GET /favicon.ico HTTP/1.1" 404 196
::1 - - [31/Mar/2023:19:11:32 +0100] "GET /tree-data-structure.php HTTP/1.1" 200 1519
::1 - - [31/Mar/2023:19:11:32 +0100] "GET /css/tree.css HTTP/1.1" 200 525
::1 - - [31/Mar/2023:19:11:32 +0100] "GET /javascript/binarytree.js HTTP/1.1" 200 5192
::1 - - [31/Mar/2023:19:11:50 +0100] "GET /tree-data-structure.php HTTP/1.1" 200 1519
::1 - - [31/Mar/2023:19:11:50 +0100] "GET /javascript/binarytree.js HTTP/1.1" 304 -
::1 - - [31/Mar/2023:19:11:50 +0100] "GET /css/tree.css HTTP/1.1" 304 -
::1 - - [31/Mar/2023:19:11:53 +0100] "GET /tree-data-structure.php HTTP/1.1" 200 1519
::1 - - [31/Mar/2023:19:11:53 +0100] "GET /javascript/binarytree.js HTTP/1.1" 304 -
::1 - - [31/Mar/2023:19:12:42 +0100] "GET /tree-data-structure.php HTTP/1.1" 200 1519
::1 - - [31/Mar/2023:19:12:42 +0100] "GET /css/tree.css HTTP/1.1" 304 -
::1 - - [31/Mar/2023:19:12:42 +0100] "GET /javascript/binarytree.js HTTP/1.1" 200 5310
::1 - - [31/Mar/2023:19:12:45 +0100] "GET /tree-data-structure.php HTTP/1.1" 200 1519
::1 - - [31/Mar/2023:19:12:45 +0100] "GET /javascript/binarytree.js HTTP/1.1" 304 -
::1 - - [31/Mar/2023:19:12:48 +0100] "GET /tree-data-structure.php HTTP/1.1" 200 1519
::1 - - [31/Mar/2023:19:12:48 +0100] "GET /javascript/binarytree.js HTTP/1.1" 304 -
::1 - - [31/Mar/2023:19:12:51 +0100] "GET /tree-data-structure.php HTTP/1.1" 200 1519
::1 - - [31/Mar/2023:19:12:51 +0100] "GET /javascript/binarytree.js HTTP/1.1" 304 -
::1 - - [31/Mar/2023:19:12:55 +0100] "GET /tree-data-structure.php HTTP/1.1" 200 1519
::1 - - [31/Mar/2023:19:12:55 +0100] "GET /css/tree.css HTTP/1.1" 304 -
::1 - - [31/Mar/2023:19:12:55 +0100] "GET /javascript/binarytree.js HTTP/1.1" 304 -
::1 - - [31/Mar/2023:19:13:02 +0100] "GET /tree-data-structure.php HTTP/1.1" 200 1519
::1 - - [31/Mar/2023:19:13:02 +0100] "GET /javascript/binarytree.js HTTP/1.1" 304 -
::1 - - [31/Mar/2023:20:45:53 +0100] "GET /tree-data-structure.php HTTP/1.1" 200 1519
::1 - - [31/Mar/2023:20:45:53 +0100] "GET /javascript/navbar.js HTTP/1.1" 304 -
::1 - - [31/Mar/2023:20:45:53 +0100] "GET /css/tree.css HTTP/1.1" 304 -
::1 - - [31/Mar/2023:20:45:53 +0100] "GET /css/nav.css HTTP/1.1" 304 -
::1 - - [31/Mar/2023:20:45:53 +0100] "GET /css/vr.css HTTP/1.1" 304 -
::1 - - [31/Mar/2023:20:45:53 +0100] "GET /css/sidebar.css HTTP/1.1" 304 -
::1 - - [31/Mar/2023:20:45:53 +0100] "GET /javascript/binarytree.js HTTP/1.1" 304 -
::1 - - [31/Mar/2023:20:49:39 +0100] "GET /tree-data-structure.php HTTP/1.1" 200 1519
::1 - - [31/Mar/2023:20:49:55 +0100] "GET /tree-data-structure.php HTTP/1.1" 200 1507
::1 - - [31/Mar/2023:20:50:05 +0100] "GET /tree-data-structure.php HTTP/1.1" 200 1507
::1 - - [31/Mar/2023:20:50:10 +0100] "GET /tree-data-structure.php HTTP/1.1" 200 1507
::1 - - [31/Mar/2023:20:50:12 +0100] "GET /tree-data-structure.php HTTP/1.1" 200 1507
::1 - - [31/Mar/2023:20:52:18 +0100] "GET /tree-data-structure.php HTTP/1.1" 200 1507
::1 - - [31/Mar/2023:20:52:22 +0100] "GET /tree-data-structure.php HTTP/1.1" 200 1507
::1 - - [31/Mar/2023:20:52:22 +0100] "GET /javascript/navbar.js HTTP/1.1" 200 469
::1 - - [31/Mar/2023:20:52:22 +0100] "GET /css/tree.css HTTP/1.1" 200 525
::1 - - [31/Mar/2023:20:52:22 +0100] "GET /css/vr.css HTTP/1.1" 200 388
::1 - - [31/Mar/2023:20:52:22 +0100] "GET /css/nav.css HTTP/1.1" 200 1389
::1 - - [31/Mar/2023:20:52:22 +0100] "GET /css/sidebar.css HTTP/1.1" 200 624
::1 - - [31/Mar/2023:20:52:22 +0100] "GET /javascript/binarytree.js HTTP/1.1" 200 5304
::1 - - [31/Mar/2023:20:52:23 +0100] "GET /favicon.ico HTTP/1.1" 404 196
::1 - - [31/Mar/2023:20:52:56 +0100] "GET /tree-data-structure.php HTTP/1.1" 200 1507
::1 - - [31/Mar/2023:20:52:56 +0100] "GET /javascript/binarytree.js HTTP/1.1" 200 5304
::1 - - [31/Mar/2023:20:53:04 +0100] "GET /tree-data-structure.php HTTP/1.1" 200 1507
::1 - - [31/Mar/2023:20:53:04 +0100] "GET /javascript/binarytree.js HTTP/1.1" 304 -
::1 - - [31/Mar/2023:20:53:06 +0100] "GET /tree-data-structure.php HTTP/1.1" 200 1507
::1 - - [31/Mar/2023:20:53:06 +0100] "GET /javascript/binarytree.js HTTP/1.1" 304 -
::1 - - [31/Mar/2023:20:53:09 +0100] "GET /tree-data-structure.php HTTP/1.1" 200 1507
::1 - - [31/Mar/2023:20:53:09 +0100] "GET /javascript/binarytree.js HTTP/1.1" 304 -
::1 - - [31/Mar/2023:20:53:12 +0100] "GET /tree-data-structure.php HTTP/1.1" 200 1507
::1 - - [31/Mar/2023:20:53:12 +0100] "GET /javascript/navbar.js HTTP/1.1" 200 469
::1 - - [31/Mar/2023:20:53:12 +0100] "GET /css/tree.css HTTP/1.1" 200 525
::1 - - [31/Mar/2023:20:53:12 +0100] "GET /css/nav.css HTTP/1.1" 200 1389
::1 - - [31/Mar/2023:20:53:12 +0100] "GET /css/vr.css HTTP/1.1" 200 388
::1 - - [31/Mar/2023:20:53:12 +0100] "GET /css/sidebar.css HTTP/1.1" 200 624
::1 - - [31/Mar/2023:20:53:12 +0100] "GET /javascript/binarytree.js HTTP/1.1" 200 5304
::1 - - [31/Mar/2023:20:53:13 +0100] "GET /favicon.ico HTTP/1.1" 404 196
::1 - - [31/Mar/2023:20:54:20 +0100] "GET /tree-data-structure.php HTTP/1.1" 200 1507
::1 - - [31/Mar/2023:20:54:20 +0100] "GET /javascript/binarytree.js HTTP/1.1" 304 -
::1 - - [31/Mar/2023:20:54:42 +0100] "GET /tree-data-structure.php HTTP/1.1" 200 1507
::1 - - [31/Mar/2023:20:54:42 +0100] "GET /javascript/binarytree.js HTTP/1.1" 200 5304
::1 - - [31/Mar/2023:20:55:06 +0100] "GET /tree-data-structure.php HTTP/1.1" 200 1507
::1 - - [31/Mar/2023:20:55:06 +0100] "GET /javascript/binarytree.js HTTP/1.1" 304 -
::1 - - [31/Mar/2023:20:57:47 +0100] "GET /tree-data-structure.php HTTP/1.1" 200 1506
::1 - - [31/Mar/2023:20:57:47 +0100] "GET /javascript/binarytree.js HTTP/1.1" 304 -
::1 - - [31/Mar/2023:20:58:18 +0100] "GET /tree-data-structure.php HTTP/1.1" 200 1505
::1 - - [31/Mar/2023:20:58:18 +0100] "GET /javascript/binarytree.js HTTP/1.1" 304 -
::1 - - [31/Mar/2023:21:01:20 +0100] "GET /tree-data-structure.php HTTP/1.1" 200 1499
::1 - - [31/Mar/2023:21:01:20 +0100] "GET /javascript/binarytree.js HTTP/1.1" 304 -
::1 - - [31/Mar/2023:21:01:50 +0100] "GET /tree-data-structure.php HTTP/1.1" 200 1499
::1 - - [31/Mar/2023:21:02:04 +0100] "GET /tree-data-structure.php HTTP/1.1" 200 1499
::1 - - [31/Mar/2023:21:02:04 +0100] "GET /javascript/binarytree.js HTTP/1.1" 304 -
::1 - - [31/Mar/2023:21:02:09 +0100] "GET /tree-data-structure.php HTTP/1.1" 200 1499
::1 - - [31/Mar/2023:21:02:13 +0100] "GET /tree-data-structure.php HTTP/1.1" 200 1499
::1 - - [31/Mar/2023:21:02:14 +0100] "GET /tree-data-structure.php HTTP/1.1" 200 1499
::1 - - [31/Mar/2023:21:02:16 +0100] "GET /tree-data-structure.php HTTP/1.1" 200 1499
::1 - - [31/Mar/2023:21:03:54 +0100] "GET /tree-data-structure.php HTTP/1.1" 200 1499
::1 - - [31/Mar/2023:21:03:55 +0100] "GET /css/tree.css HTTP/1.1" 200 541
::1 - - [31/Mar/2023:21:03:55 +0100] "GET /javascript/binarytree.js HTTP/1.1" 200 3753
::1 - - [31/Mar/2023:21:04:07 +0100] "GET /tree-data-structure.php HTTP/1.1" 200 1499
::1 - - [31/Mar/2023:21:04:07 +0100] "GET /css/tree.css HTTP/1.1" 304 -
::1 - - [31/Mar/2023:21:04:07 +0100] "GET /javascript/binarytree.js HTTP/1.1" 200 3753
::1 - - [31/Mar/2023:21:04:37 +0100] "GET /tree-data-structure.php HTTP/1.1" 200 1499
::1 - - [31/Mar/2023:21:04:37 +0100] "GET /css/tree.css HTTP/1.1" 304 -
::1 - - [31/Mar/2023:21:04:37 +0100] "GET /javascript/binarytree.js HTTP/1.1" 200 3755
::1 - - [31/Mar/2023:21:05:21 +0100] "GET /tree-data-structure.php HTTP/1.1" 200 1499
::1 - - [31/Mar/2023:21:05:21 +0100] "GET /css/tree.css HTTP/1.1" 304 -
::1 - - [31/Mar/2023:21:05:21 +0100] "GET /javascript/binarytree.js HTTP/1.1" 200 3755
::1 - - [31/Mar/2023:21:05:23 +0100] "GET /tree-data-structure.php HTTP/1.1" 200 1499
::1 - - [31/Mar/2023:21:05:23 +0100] "GET /javascript/binarytree.js HTTP/1.1" 304 -
::1 - - [31/Mar/2023:21:05:25 +0100] "GET /tree-data-structure.php HTTP/1.1" 200 1499
::1 - - [31/Mar/2023:21:05:25 +0100] "GET /javascript/binarytree.js HTTP/1.1" 304 -
::1 - - [31/Mar/2023:21:05:26 +0100] "GET /tree-data-structure.php HTTP/1.1" 200 1499
::1 - - [31/Mar/2023:21:05:26 +0100] "GET /javascript/binarytree.js HTTP/1.1" 304 -
::1 - - [31/Mar/2023:21:05:28 +0100] "GET /tree-data-structure.php HTTP/1.1" 200 1499
::1 - - [31/Mar/2023:21:05:28 +0100] "GET /javascript/binarytree.js HTTP/1.1" 304 -
::1 - - [31/Mar/2023:21:05:29 +0100] "GET /tree-data-structure.php HTTP/1.1" 200 1499
::1 - - [31/Mar/2023:21:05:29 +0100] "GET /javascript/binarytree.js HTTP/1.1" 304 -
::1 - - [31/Mar/2023:21:05:55 +0100] "GET /tree-data-structure.php HTTP/1.1" 200 1499
::1 - - [31/Mar/2023:21:05:56 +0100] "GET /css/tree.css HTTP/1.1" 304 -
::1 - - [31/Mar/2023:21:05:56 +0100] "GET /javascript/binarytree.js HTTP/1.1" 304 -
::1 - - [31/Mar/2023:21:06:03 +0100] "GET /tree-data-structure.php HTTP/1.1" 200 1499
::1 - - [31/Mar/2023:21:06:03 +0100] "GET /javascript/binarytree.js HTTP/1.1" 304 -
::1 - - [31/Mar/2023:21:06:05 +0100] "GET /tree-data-structure.php HTTP/1.1" 200 1499
::1 - - [31/Mar/2023:21:06:07 +0100] "GET /tree-data-structure.php HTTP/1.1" 200 1499
::1 - - [31/Mar/2023:21:06:07 +0100] "GET /javascript/binarytree.js HTTP/1.1" 304 -
::1 - - [31/Mar/2023:21:06:12 +0100] "GET /tree-data-structure.php HTTP/1.1" 200 1499
::1 - - [31/Mar/2023:21:06:12 +0100] "GET /javascript/binarytree.js HTTP/1.1" 304 -
::1 - - [31/Mar/2023:21:06:14 +0100] "GET /tree-data-structure.php HTTP/1.1" 200 1499
::1 - - [31/Mar/2023:21:06:17 +0100] "GET /tree-data-structure.php HTTP/1.1" 200 1499
::1 - - [31/Mar/2023:21:06:17 +0100] "GET /javascript/navbar.js HTTP/1.1" 200 469
::1 - - [31/Mar/2023:21:06:17 +0100] "GET /css/tree.css HTTP/1.1" 200 541
::1 - - [31/Mar/2023:21:06:17 +0100] "GET /css/nav.css HTTP/1.1" 200 1389
::1 - - [31/Mar/2023:21:06:17 +0100] "GET /css/vr.css HTTP/1.1" 200 388
::1 - - [31/Mar/2023:21:06:17 +0100] "GET /css/sidebar.css HTTP/1.1" 200 624
::1 - - [31/Mar/2023:21:06:17 +0100] "GET /javascript/binarytree.js HTTP/1.1" 200 3755
::1 - - [31/Mar/2023:21:06:17 +0100] "GET /favicon.ico HTTP/1.1" 404 196
::1 - - [31/Mar/2023:21:07:46 +0100] "GET /tree-data-structure.php HTTP/1.1" 200 1499
::1 - - [31/Mar/2023:21:07:46 +0100] "GET /css/tree.css HTTP/1.1" 304 -
::1 - - [31/Mar/2023:21:07:46 +0100] "GET /javascript/binarytree.js HTTP/1.1" 200 3784
::1 - - [31/Mar/2023:21:08:23 +0100] "GET /tree-data-structure.php HTTP/1.1" 200 1499
::1 - - [31/Mar/2023:21:08:23 +0100] "GET /css/tree.css HTTP/1.1" 304 -
::1 - - [31/Mar/2023:21:08:23 +0100] "GET /javascript/binarytree.js HTTP/1.1" 200 3796
::1 - - [31/Mar/2023:21:09:20 +0100] "GET /tree-data-structure.php HTTP/1.1" 200 1499
::1 - - [31/Mar/2023:21:09:20 +0100] "GET /css/tree.css HTTP/1.1" 304 -
::1 - - [31/Mar/2023:21:09:20 +0100] "GET /javascript/binarytree.js HTTP/1.1" 200 3870
::1 - - [31/Mar/2023:21:15:51 +0100] "GET /tree-data-structure.php HTTP/1.1" 200 1499
::1 - - [31/Mar/2023:21:15:51 +0100] "GET /css/tree.css HTTP/1.1" 304 -
::1 - - [31/Mar/2023:21:15:51 +0100] "GET /javascript/binarytree.js HTTP/1.1" 304 -
::1 - - [31/Mar/2023:21:15:54 +0100] "GET /tree-data-structure.php HTTP/1.1" 200 1499
::1 - - [31/Mar/2023:21:16:51 +0100] "GET /tree-data-structure.php HTTP/1.1" 200 1499
::1 - - [31/Mar/2023:21:16:51 +0100] "GET /javascript/binarytree.js HTTP/1.1" 200 3870
::1 - - [31/Mar/2023:21:16:54 +0100] "GET /tree-data-structure.php HTTP/1.1" 200 1499
::1 - - [31/Mar/2023:21:16:54 +0100] "GET /javascript/binarytree.js HTTP/1.1" 304 -
::1 - - [31/Mar/2023:21:16:59 +0100] "GET /tree-data-structure.php HTTP/1.1" 200 1499
::1 - - [31/Mar/2023:21:16:59 +0100] "GET /javascript/navbar.js HTTP/1.1" 200 469
::1 - - [31/Mar/2023:21:16:59 +0100] "GET /css/tree.css HTTP/1.1" 200 541
::1 - - [31/Mar/2023:21:16:59 +0100] "GET /css/nav.css HTTP/1.1" 200 1389
::1 - - [31/Mar/2023:21:16:59 +0100] "GET /css/vr.css HTTP/1.1" 200 388
::1 - - [31/Mar/2023:21:16:59 +0100] "GET /css/sidebar.css HTTP/1.1" 200 624
::1 - - [31/Mar/2023:21:16:59 +0100] "GET /javascript/binarytree.js HTTP/1.1" 200 3870
::1 - - [31/Mar/2023:21:17:00 +0100] "GET /favicon.ico HTTP/1.1" 404 196
::1 - - [31/Mar/2023:21:17:04 +0100] "GET /tree-data-structure.php HTTP/1.1" 200 1499
::1 - - [31/Mar/2023:21:17:04 +0100] "GET /javascript/binarytree.js HTTP/1.1" 304 -
::1 - - [31/Mar/2023:21:17:06 +0100] "GET /tree-data-structure.php HTTP/1.1" 200 1499
::1 - - [31/Mar/2023:21:17:06 +0100] "GET /javascript/binarytree.js HTTP/1.1" 304 -
::1 - - [31/Mar/2023:21:17:09 +0100] "GET /tree-data-structure.php HTTP/1.1" 200 1499
::1 - - [31/Mar/2023:21:17:10 +0100] "GET /javascript/binarytree.js HTTP/1.1" 304 -
::1 - - [31/Mar/2023:21:17:13 +0100] "GET /tree-data-structure.php HTTP/1.1" 200 1499
::1 - - [31/Mar/2023:21:17:13 +0100] "GET /javascript/binarytree.js HTTP/1.1" 304 -
::1 - - [31/Mar/2023:21:17:16 +0100] "GET /tree-data-structure.php HTTP/1.1" 200 1499
::1 - - [31/Mar/2023:21:17:16 +0100] "GET /javascript/binarytree.js HTTP/1.1" 304 -
::1 - - [31/Mar/2023:21:17:19 +0100] "GET /tree-data-structure.php HTTP/1.1" 200 1499
::1 - - [31/Mar/2023:21:17:19 +0100] "GET /javascript/binarytree.js HTTP/1.1" 304 -
::1 - - [31/Mar/2023:21:17:21 +0100] "GET /tree-data-structure.php HTTP/1.1" 200 1499
::1 - - [31/Mar/2023:21:20:24 +0100] "GET /tree-data-structure.php HTTP/1.1" 200 1451
::1 - - [31/Mar/2023:21:20:24 +0100] "GET /css/tree.css HTTP/1.1" 304 -
::1 - - [31/Mar/2023:21:20:24 +0100] "GET /javascript/binarytree.js HTTP/1.1" 200 1508
::1 - - [31/Mar/2023:21:20:45 +0100] "GET /tree-data-structure.php HTTP/1.1" 200 1448
::1 - - [31/Mar/2023:21:20:45 +0100] "GET /javascript/binarytree.js HTTP/1.1" 304 -
::1 - - [31/Mar/2023:21:21:47 +0100] "GET /tree-data-structure.php HTTP/1.1" 200 1448
::1 - - [31/Mar/2023:21:21:48 +0100] "GET /javascript/binarytree.js HTTP/1.1" 304 -
::1 - - [31/Mar/2023:21:24:52 +0100] "GET /tree-data-structure.php HTTP/1.1" 200 1499
::1 - - [31/Mar/2023:21:24:53 +0100] "GET /css/tree.css HTTP/1.1" 200 541
::1 - - [31/Mar/2023:21:24:53 +0100] "GET /javascript/binarytree.js HTTP/1.1" 200 3870
::1 - - [31/Mar/2023:21:25:10 +0100] "GET /tree-data-structure.php HTTP/1.1" 200 1499
::1 - - [31/Mar/2023:21:25:10 +0100] "GET /css/tree.css HTTP/1.1" 200 524
::1 - - [31/Mar/2023:21:25:10 +0100] "GET /javascript/binarytree.js HTTP/1.1" 304 -
::1 - - [31/Mar/2023:21:25:48 +0100] "GET /tree-data-structure.php HTTP/1.1" 200 1511
::1 - - [31/Mar/2023:21:25:48 +0100] "GET /css/tree.css HTTP/1.1" 304 -
::1 - - [31/Mar/2023:21:25:48 +0100] "GET /javascript/binarytree.js HTTP/1.1" 200 3876
::1 - - [31/Mar/2023:21:26:20 +0100] "GET /tree-data-structure.php HTTP/1.1" 200 1511
::1 - - [31/Mar/2023:21:26:20 +0100] "GET /css/tree.css HTTP/1.1" 304 -
::1 - - [31/Mar/2023:21:26:20 +0100] "GET /javascript/binarytree.js HTTP/1.1" 200 3876
::1 - - [31/Mar/2023:21:26:25 +0100] "GET /tree-data-structure.php HTTP/1.1" 200 1511
::1 - - [31/Mar/2023:21:26:26 +0100] "GET /javascript/binarytree.js HTTP/1.1" 304 -
::1 - - [31/Mar/2023:21:26:30 +0100] "GET /tree-data-structure.php HTTP/1.1" 200 1511
::1 - - [31/Mar/2023:21:26:30 +0100] "GET /css/tree.css HTTP/1.1" 304 -
::1 - - [31/Mar/2023:21:26:30 +0100] "GET /javascript/binarytree.js HTTP/1.1" 304 -
::1 - - [31/Mar/2023:21:26:42 +0100] "GET /tree-data-structure.php HTTP/1.1" 200 1511
::1 - - [31/Mar/2023:21:26:43 +0100] "GET /css/tree.css HTTP/1.1" 304 -
::1 - - [31/Mar/2023:21:26:43 +0100] "GET /javascript/binarytree.js HTTP/1.1" 200 3877
::1 - - [31/Mar/2023:21:26:54 +0100] "GET /tree-data-structure.php HTTP/1.1" 200 1511
::1 - - [31/Mar/2023:21:26:54 +0100] "GET /css/tree.css HTTP/1.1" 304 -
::1 - - [31/Mar/2023:21:26:54 +0100] "GET /javascript/binarytree.js HTTP/1.1" 200 3877
::1 - - [31/Mar/2023:21:27:22 +0100] "GET /tree-data-structure.php HTTP/1.1" 200 1511
::1 - - [31/Mar/2023:21:27:22 +0100] "GET /css/tree.css HTTP/1.1" 304 -
::1 - - [31/Mar/2023:21:27:22 +0100] "GET /javascript/binarytree.js HTTP/1.1" 200 3877
::1 - - [31/Mar/2023:21:32:23 +0100] "GET /tree-data-structure.php HTTP/1.1" 200 1511
::1 - - [31/Mar/2023:21:32:23 +0100] "GET /css/tree.css HTTP/1.1" 304 -
::1 - - [31/Mar/2023:21:32:23 +0100] "GET /javascript/binarytree.js HTTP/1.1" 304 -
::1 - - [31/Mar/2023:21:32:25 +0100] "GET /tree-data-structure.php HTTP/1.1" 200 1511
::1 - - [31/Mar/2023:21:32:34 +0100] "GET /tree-data-structure.php HTTP/1.1" 200 1511
::1 - - [31/Mar/2023:21:32:40 +0100] "GET /tree-data-structure.php HTTP/1.1" 200 1511
::1 - - [31/Mar/2023:21:32:42 +0100] "GET /tree-data-structure.php HTTP/1.1" 200 1511
::1 - - [31/Mar/2023:21:32:44 +0100] "GET /tree-data-structure.php HTTP/1.1" 200 1511
::1 - - [31/Mar/2023:21:32:48 +0100] "GET /tree-data-structure.php HTTP/1.1" 200 1511
::1 - - [31/Mar/2023:21:32:49 +0100] "GET /tree-data-structure.php HTTP/1.1" 200 1511
::1 - - [31/Mar/2023:21:32:57 +0100] "GET /tree-data-structure.php HTTP/1.1" 200 1511
::1 - - [31/Mar/2023:21:32:57 +0100] "GET /javascript/binarytree.js HTTP/1.1" 304 -
::1 - - [31/Mar/2023:21:32:59 +0100] "GET /tree-data-structure.php HTTP/1.1" 200 1511
::1 - - [31/Mar/2023:21:33:02 +0100] "GET /tree-data-structure.php HTTP/1.1" 200 1511
::1 - - [31/Mar/2023:21:33:07 +0100] "GET /tree-data-structure.php HTTP/1.1" 200 1511
::1 - - [31/Mar/2023:21:33:07 +0100] "GET /css/tree.css HTTP/1.1" 304 -
::1 - - [31/Mar/2023:21:33:10 +0100] "GET /tree-data-structure.php HTTP/1.1" 200 1511
::1 - - [31/Mar/2023:21:33:12 +0100] "GET /tree-data-structure.php HTTP/1.1" 200 1511
::1 - - [31/Mar/2023:21:33:14 +0100] "GET /tree-data-structure.php HTTP/1.1" 200 1511
::1 - - [31/Mar/2023:21:33:15 +0100] "GET /tree-data-structure.php HTTP/1.1" 200 1511
::1 - - [31/Mar/2023:21:33:16 +0100] "GET /tree-data-structure.php HTTP/1.1" 200 1511
::1 - - [31/Mar/2023:21:33:17 +0100] "GET /tree-data-structure.php HTTP/1.1" 200 1511
::1 - - [31/Mar/2023:21:33:18 +0100] "GET /tree-data-structure.php HTTP/1.1" 200 1511
::1 - - [31/Mar/2023:21:33:19 +0100] "GET /tree-data-structure.php HTTP/1.1" 200 1511
::1 - - [31/Mar/2023:21:33:20 +0100] "GET /tree-data-structure.php HTTP/1.1" 200 1511
::1 - - [31/Mar/2023:21:33:22 +0100] "GET /tree-data-structure.php HTTP/1.1" 200 1511
::1 - - [31/Mar/2023:21:33:23 +0100] "GET /tree-data-structure.php HTTP/1.1" 200 1511
::1 - - [31/Mar/2023:21:33:33 +0100] "GET /tree-data-structure.php HTTP/1.1" 200 1511
::1 - - [31/Mar/2023:21:33:33 +0100] "GET /javascript/binarytree.js HTTP/1.1" 304 -
::1 - - [31/Mar/2023:21:33:40 +0100] "GET /tree-data-structure.php HTTP/1.1" 200 1511
::1 - - [31/Mar/2023:21:33:40 +0100] "GET /javascript/navbar.js HTTP/1.1" 200 469
::1 - - [31/Mar/2023:21:33:40 +0100] "GET /css/tree.css HTTP/1.1" 200 524
::1 - - [31/Mar/2023:21:33:40 +0100] "GET /css/vr.css HTTP/1.1" 200 388
::1 - - [31/Mar/2023:21:33:40 +0100] "GET /css/nav.css HTTP/1.1" 200 1389
::1 - - [31/Mar/2023:21:33:40 +0100] "GET /css/sidebar.css HTTP/1.1" 200 624
::1 - - [31/Mar/2023:21:33:40 +0100] "GET /javascript/binarytree.js HTTP/1.1" 200 3877
::1 - - [31/Mar/2023:21:33:40 +0100] "GET /favicon.ico HTTP/1.1" 404 196
::1 - - [31/Mar/2023:21:33:48 +0100] "GET /tree-data-structure.php HTTP/1.1" 200 1511
::1 - - [31/Mar/2023:21:34:10 +0100] "GET /tree-data-structure.php HTTP/1.1" 200 1511
::1 - - [31/Mar/2023:21:34:11 +0100] "GET /tree-data-structure.php HTTP/1.1" 200 1511
::1 - - [31/Mar/2023:21:35:05 +0100] "GET /tree-data-structure.php HTTP/1.1" 200 1511
::1 - - [31/Mar/2023:21:35:05 +0100] "GET /javascript/binarytree.js HTTP/1.1" 304 -
::1 - - [31/Mar/2023:21:35:05 +0100] "GET /css/tree.css HTTP/1.1" 200 548
::1 - - [31/Mar/2023:21:36:01 +0100] "GET /tree-data-structure.php HTTP/1.1" 200 1511
::1 - - [31/Mar/2023:21:36:01 +0100] "GET /javascript/binarytree.js HTTP/1.1" 304 -
::1 - - [31/Mar/2023:21:36:01 +0100] "GET /css/tree.css HTTP/1.1" 200 579
::1 - - [31/Mar/2023:21:36:34 +0100] "GET /tree-data-structure.php HTTP/1.1" 200 1511
::1 - - [31/Mar/2023:21:36:34 +0100] "GET /css/tree.css HTTP/1.1" 200 597
::1 - - [31/Mar/2023:21:38:19 +0100] "GET /tree-data-structure.php HTTP/1.1" 200 1511
::1 - - [31/Mar/2023:21:38:19 +0100] "GET /javascript/binarytree.js HTTP/1.1" 304 -
::1 - - [31/Mar/2023:21:38:19 +0100] "GET /css/tree.css HTTP/1.1" 200 595
::1 - - [31/Mar/2023:21:38:23 +0100] "GET /tree-data-structure.php HTTP/1.1" 200 1511
::1 - - [31/Mar/2023:21:38:23 +0100] "GET /javascript/navbar.js HTTP/1.1" 200 469
::1 - - [31/Mar/2023:21:38:23 +0100] "GET /css/tree.css HTTP/1.1" 200 595
::1 - - [31/Mar/2023:21:38:23 +0100] "GET /css/nav.css HTTP/1.1" 200 1389
::1 - - [31/Mar/2023:21:38:23 +0100] "GET /css/vr.css HTTP/1.1" 200 388
::1 - - [31/Mar/2023:21:38:23 +0100] "GET /css/sidebar.css HTTP/1.1" 200 624
::1 - - [31/Mar/2023:21:38:23 +0100] "GET /javascript/binarytree.js HTTP/1.1" 200 3877
::1 - - [31/Mar/2023:21:38:24 +0100] "GET /favicon.ico HTTP/1.1" 404 196
::1 - - [31/Mar/2023:21:39:36 +0100] "GET /tree-data-structure.php HTTP/1.1" 200 1465
::1 - - [31/Mar/2023:21:39:36 +0100] "GET /css/tree.css HTTP/1.1" 304 -
::1 - - [31/Mar/2023:21:39:36 +0100] "GET /javascript/binarytree.js HTTP/1.1" 304 -
::1 - - [31/Mar/2023:21:40:13 +0100] "GET /tree-data-structure.php HTTP/1.1" 200 1465
::1 - - [31/Mar/2023:21:40:13 +0100] "GET /css/tree.css HTTP/1.1" 200 700
::1 - - [31/Mar/2023:21:40:30 +0100] "GET /tree-data-structure.php HTTP/1.1" 200 1465
::1 - - [31/Mar/2023:21:40:30 +0100] "GET /css/tree.css HTTP/1.1" 304 -
::1 - - [31/Mar/2023:21:41:59 +0100] "GET /tree-data-structure.php HTTP/1.1" 200 1466
::1 - - [31/Mar/2023:21:41:59 +0100] "GET /css/tree.css HTTP/1.1" 304 -
::1 - - [31/Mar/2023:21:41:59 +0100] "GET /javascript/binarytree.js HTTP/1.1" 304 -
::1 - - [31/Mar/2023:21:42:32 +0100] "GET /tree-data-structure.php HTTP/1.1" 200 1466
::1 - - [31/Mar/2023:21:42:32 +0100] "GET /css/tree.css HTTP/1.1" 200 706
::1 - - [31/Mar/2023:21:42:40 +0100] "GET /tree-data-structure.php HTTP/1.1" 200 1466
::1 - - [31/Mar/2023:21:42:40 +0100] "GET /css/tree.css HTTP/1.1" 304 -
::1 - - [31/Mar/2023:21:42:44 +0100] "GET /tree-data-structure.php HTTP/1.1" 200 1466
::1 - - [31/Mar/2023:21:42:44 +0100] "GET /css/tree.css HTTP/1.1" 304 -
::1 - - [31/Mar/2023:21:42:45 +0100] "GET /tree-data-structure.php HTTP/1.1" 200 1466
::1 - - [31/Mar/2023:21:42:45 +0100] "GET /css/tree.css HTTP/1.1" 304 -
::1 - - [31/Mar/2023:21:42:46 +0100] "GET /tree-data-structure.php HTTP/1.1" 200 1466
::1 - - [31/Mar/2023:21:42:46 +0100] "GET /css/tree.css HTTP/1.1" 304 -
::1 - - [31/Mar/2023:21:42:47 +0100] "GET /tree-data-structure.php HTTP/1.1" 200 1466
::1 - - [31/Mar/2023:21:42:47 +0100] "GET /css/tree.css HTTP/1.1" 304 -
::1 - - [31/Mar/2023:21:42:48 +0100] "GET /tree-data-structure.php HTTP/1.1" 200 1466
::1 - - [31/Mar/2023:21:42:48 +0100] "GET /css/tree.css HTTP/1.1" 304 -
::1 - - [31/Mar/2023:21:43:09 +0100] "GET /tree-data-structure.php HTTP/1.1" 200 1466
::1 - - [31/Mar/2023:21:43:09 +0100] "GET /css/tree.css HTTP/1.1" 304 -
::1 - - [31/Mar/2023:21:43:14 +0100] "GET /tree-data-structure.php HTTP/1.1" 200 1466
::1 - - [31/Mar/2023:21:43:14 +0100] "GET /css/tree.css HTTP/1.1" 304 -
::1 - - [31/Mar/2023:21:43:15 +0100] "GET /tree-data-structure.php HTTP/1.1" 200 1466
::1 - - [31/Mar/2023:21:43:18 +0100] "GET /tree-data-structure.php HTTP/1.1" 200 1466
::1 - - [31/Mar/2023:21:43:18 +0100] "GET /javascript/navbar.js HTTP/1.1" 200 469
::1 - - [31/Mar/2023:21:43:18 +0100] "GET /css/tree.css HTTP/1.1" 200 706
::1 - - [31/Mar/2023:21:43:18 +0100] "GET /css/sidebar.css HTTP/1.1" 200 624
::1 - - [31/Mar/2023:21:43:18 +0100] "GET /css/nav.css HTTP/1.1" 200 1389
::1 - - [31/Mar/2023:21:43:18 +0100] "GET /javascript/binarytree.js HTTP/1.1" 200 3877
::1 - - [31/Mar/2023:21:43:18 +0100] "GET /favicon.ico HTTP/1.1" 404 196
::1 - - [31/Mar/2023:21:43:34 +0100] "GET /tree-data-structure.php HTTP/1.1" 200 1466
::1 - - [31/Mar/2023:21:43:34 +0100] "GET /javascript/navbar.js HTTP/1.1" 200 469
::1 - - [31/Mar/2023:21:43:34 +0100] "GET /css/tree.css HTTP/1.1" 200 706
::1 - - [31/Mar/2023:21:43:34 +0100] "GET /css/sidebar.css HTTP/1.1" 200 624
::1 - - [31/Mar/2023:21:43:34 +0100] "GET /css/nav.css HTTP/1.1" 200 1389
::1 - - [31/Mar/2023:21:43:34 +0100] "GET /javascript/binarytree.js HTTP/1.1" 200 3877
::1 - - [31/Mar/2023:21:43:34 +0100] "GET /favicon.ico HTTP/1.1" 404 196
::1 - - [31/Mar/2023:21:43:37 +0100] "GET /tree-data-structure.php HTTP/1.1" 200 1466
::1 - - [31/Mar/2023:21:43:37 +0100] "GET /javascript/binarytree.js HTTP/1.1" 304 -
::1 - - [31/Mar/2023:21:43:39 +0100] "GET /tree-data-structure.php HTTP/1.1" 200 1466
::1 - - [31/Mar/2023:21:43:39 +0100] "GET /javascript/binarytree.js HTTP/1.1" 304 -
::1 - - [31/Mar/2023:21:43:41 +0100] "GET /tree-data-structure.php HTTP/1.1" 200 1466
::1 - - [31/Mar/2023:21:43:41 +0100] "GET /css/tree.css HTTP/1.1" 304 -
::1 - - [31/Mar/2023:21:43:41 +0100] "GET /javascript/binarytree.js HTTP/1.1" 304 -
::1 - - [31/Mar/2023:21:43:50 +0100] "GET /tree-data-structure.php HTTP/1.1" 200 1466
::1 - - [31/Mar/2023:21:43:50 +0100] "GET /css/tree.css HTTP/1.1" 304 -
::1 - - [31/Mar/2023:21:43:50 +0100] "GET /javascript/binarytree.js HTTP/1.1" 304 -
::1 - - [31/Mar/2023:21:43:55 +0100] "GET /tree-data-structure.php HTTP/1.1" 200 1466
::1 - - [31/Mar/2023:21:43:55 +0100] "GET /javascript/navbar.js HTTP/1.1" 200 469
::1 - - [31/Mar/2023:21:43:55 +0100] "GET /css/tree.css HTTP/1.1" 200 706
::1 - - [31/Mar/2023:21:43:55 +0100] "GET /css/nav.css HTTP/1.1" 200 1389
::1 - - [31/Mar/2023:21:43:55 +0100] "GET /javascript/binarytree.js HTTP/1.1" 200 3877
::1 - - [31/Mar/2023:21:43:55 +0100] "GET /css/sidebar.css HTTP/1.1" 200 624
::1 - - [31/Mar/2023:21:43:55 +0100] "GET /favicon.ico HTTP/1.1" 404 196
::1 - - [31/Mar/2023:21:44:24 +0100] "GET /tree-data-structure.php HTTP/1.1" 200 1466
::1 - - [31/Mar/2023:21:44:24 +0100] "GET /javascript/navbar.js HTTP/1.1" 200 469
::1 - - [31/Mar/2023:21:44:24 +0100] "GET /css/tree.css HTTP/1.1" 200 706
::1 - - [31/Mar/2023:21:44:24 +0100] "GET /css/sidebar.css HTTP/1.1" 200 624
::1 - - [31/Mar/2023:21:44:24 +0100] "GET /css/nav.css HTTP/1.1" 200 1389
::1 - - [31/Mar/2023:21:44:24 +0100] "GET /javascript/binarytree.js HTTP/1.1" 200 3871
::1 - - [31/Mar/2023:21:44:25 +0100] "GET /favicon.ico HTTP/1.1" 404 196
::1 - - [31/Mar/2023:21:44:37 +0100] "GET /tree-data-structure.php HTTP/1.1" 200 1466
::1 - - [31/Mar/2023:21:44:37 +0100] "GET /css/tree.css HTTP/1.1" 304 -
::1 - - [31/Mar/2023:21:44:37 +0100] "GET /javascript/binarytree.js HTTP/1.1" 304 -
::1 - - [31/Mar/2023:21:44:39 +0100] "GET /tree-data-structure.php HTTP/1.1" 200 1466
::1 - - [31/Mar/2023:21:44:39 +0100] "GET /javascript/binarytree.js HTTP/1.1" 304 -
::1 - - [31/Mar/2023:21:44:57 +0100] "GET /tree-data-structure.php HTTP/1.1" 200 1466
::1 - - [31/Mar/2023:21:44:57 +0100] "GET /css/tree.css HTTP/1.1" 304 -
::1 - - [31/Mar/2023:21:44:57 +0100] "GET /javascript/binarytree.js HTTP/1.1" 200 3870
::1 - - [31/Mar/2023:21:45:00 +0100] "GET /tree-data-structure.php HTTP/1.1" 200 1466
::1 - - [31/Mar/2023:21:45:00 +0100] "GET /javascript/binarytree.js HTTP/1.1" 304 -
::1 - - [31/Mar/2023:21:45:03 +0100] "GET /tree-data-structure.php HTTP/1.1" 200 1466
::1 - - [31/Mar/2023:21:45:03 +0100] "GET /javascript/binarytree.js HTTP/1.1" 304 -
::1 - - [31/Mar/2023:21:45:04 +0100] "GET /tree-data-structure.php HTTP/1.1" 200 1466
::1 - - [31/Mar/2023:21:45:04 +0100] "GET /javascript/binarytree.js HTTP/1.1" 304 -
::1 - - [31/Mar/2023:21:45:57 +0100] "GET /tree-data-structure.php HTTP/1.1" 200 1466
::1 - - [31/Mar/2023:21:45:57 +0100] "GET /css/tree.css HTTP/1.1" 304 -
::1 - - [31/Mar/2023:21:45:57 +0100] "GET /javascript/binarytree.js HTTP/1.1" 200 3870
::1 - - [31/Mar/2023:21:46:00 +0100] "GET /tree-data-structure.php HTTP/1.1" 200 1466
::1 - - [31/Mar/2023:21:46:00 +0100] "GET /javascript/binarytree.js HTTP/1.1" 304 -
::1 - - [31/Mar/2023:21:46:26 +0100] "GET /tree-data-structure.php HTTP/1.1" 200 1440
::1 - - [31/Mar/2023:21:46:26 +0100] "GET /css/tree.css HTTP/1.1" 304 -
::1 - - [31/Mar/2023:21:46:26 +0100] "GET /javascript/binarytree.js HTTP/1.1" 304 -
::1 - - [31/Mar/2023:21:46:28 +0100] "GET /tree-data-structure.php HTTP/1.1" 200 1440
::1 - - [31/Mar/2023:21:46:28 +0100] "GET /javascript/navbar.js HTTP/1.1" 200 469
::1 - - [31/Mar/2023:21:46:28 +0100] "GET /css/tree.css HTTP/1.1" 200 706
::1 - - [31/Mar/2023:21:46:28 +0100] "GET /css/nav.css HTTP/1.1" 200 1389
::1 - - [31/Mar/2023:21:46:28 +0100] "GET /css/sidebar.css HTTP/1.1" 200 624
::1 - - [31/Mar/2023:21:46:28 +0100] "GET /javascript/binarytree.js HTTP/1.1" 200 3870
::1 - - [31/Mar/2023:21:46:29 +0100] "GET /favicon.ico HTTP/1.1" 404 196
::1 - - [31/Mar/2023:21:47:01 +0100] "GET /tree-data-structure.php HTTP/1.1" 200 1440
::1 - - [31/Mar/2023:21:47:01 +0100] "GET /css/tree.css HTTP/1.1" 304 -
::1 - - [31/Mar/2023:21:47:01 +0100] "GET /javascript/binarytree.js HTTP/1.1" 200 3869
::1 - - [31/Mar/2023:21:47:03 +0100] "GET /tree-data-structure.php HTTP/1.1" 200 1440
::1 - - [31/Mar/2023:21:47:03 +0100] "GET /javascript/binarytree.js HTTP/1.1" 304 -
::1 - - [31/Mar/2023:21:47:04 +0100] "GET /tree-data-structure.php HTTP/1.1" 200 1440
::1 - - [31/Mar/2023:21:47:04 +0100] "GET /javascript/binarytree.js HTTP/1.1" 304 -
::1 - - [31/Mar/2023:21:47:06 +0100] "GET /tree-data-structure.php HTTP/1.1" 200 1440
::1 - - [31/Mar/2023:21:47:06 +0100] "GET /javascript/binarytree.js HTTP/1.1" 304 -
::1 - - [31/Mar/2023:21:47:08 +0100] "GET /tree-data-structure.php HTTP/1.1" 200 1440
::1 - - [31/Mar/2023:21:47:08 +0100] "GET /javascript/binarytree.js HTTP/1.1" 304 -
::1 - - [31/Mar/2023:21:47:09 +0100] "GET /tree-data-structure.php HTTP/1.1" 200 1440
::1 - - [31/Mar/2023:21:47:09 +0100] "GET /javascript/binarytree.js HTTP/1.1" 304 -
::1 - - [31/Mar/2023:21:47:10 +0100] "GET /tree-data-structure.php HTTP/1.1" 200 1440
::1 - - [31/Mar/2023:21:47:10 +0100] "GET /javascript/binarytree.js HTTP/1.1" 304 -
::1 - - [31/Mar/2023:21:47:11 +0100] "GET /tree-data-structure.php HTTP/1.1" 200 1440
::1 - - [31/Mar/2023:21:47:11 +0100] "GET /javascript/binarytree.js HTTP/1.1" 304 -
::1 - - [31/Mar/2023:21:47:12 +0100] "GET /tree-data-structure.php HTTP/1.1" 200 1440
::1 - - [31/Mar/2023:21:47:14 +0100] "GET /tree-data-structure.php HTTP/1.1" 200 1440
::1 - - [31/Mar/2023:21:47:14 +0100] "GET /javascript/binarytree.js HTTP/1.1" 304 -
::1 - - [31/Mar/2023:21:47:15 +0100] "GET /tree-data-structure.php HTTP/1.1" 200 1440
::1 - - [31/Mar/2023:21:47:15 +0100] "GET /javascript/binarytree.js HTTP/1.1" 304 -
::1 - - [31/Mar/2023:21:47:17 +0100] "GET /tree-data-structure.php HTTP/1.1" 200 1440
::1 - - [31/Mar/2023:21:47:17 +0100] "GET /javascript/binarytree.js HTTP/1.1" 304 -
::1 - - [31/Mar/2023:21:47:18 +0100] "GET /tree-data-structure.php HTTP/1.1" 200 1440
::1 - - [31/Mar/2023:21:47:19 +0100] "GET /tree-data-structure.php HTTP/1.1" 200 1440
::1 - - [31/Mar/2023:21:47:19 +0100] "GET /javascript/binarytree.js HTTP/1.1" 304 -
::1 - - [31/Mar/2023:21:47:20 +0100] "GET /tree-data-structure.php HTTP/1.1" 200 1440
::1 - - [31/Mar/2023:21:47:21 +0100] "GET /tree-data-structure.php HTTP/1.1" 200 1440
::1 - - [31/Mar/2023:21:47:21 +0100] "GET /javascript/binarytree.js HTTP/1.1" 304 -
::1 - - [31/Mar/2023:21:47:22 +0100] "GET /tree-data-structure.php HTTP/1.1" 200 1440
::1 - - [31/Mar/2023:21:47:23 +0100] "GET /tree-data-structure.php HTTP/1.1" 200 1440
::1 - - [31/Mar/2023:21:47:23 +0100] "GET /javascript/binarytree.js HTTP/1.1" 304 -
::1 - - [31/Mar/2023:21:47:24 +0100] "GET /tree-data-structure.php HTTP/1.1" 200 1440
::1 - - [31/Mar/2023:21:47:25 +0100] "GET /tree-data-structure.php HTTP/1.1" 200 1440
::1 - - [31/Mar/2023:21:47:26 +0100] "GET /tree-data-structure.php HTTP/1.1" 200 1440
::1 - - [31/Mar/2023:21:47:26 +0100] "GET /javascript/binarytree.js HTTP/1.1" 304 -
::1 - - [31/Mar/2023:21:47:27 +0100] "GET /tree-data-structure.php HTTP/1.1" 200 1440
::1 - - [31/Mar/2023:21:47:28 +0100] "GET /tree-data-structure.php HTTP/1.1" 200 1440
::1 - - [31/Mar/2023:21:47:29 +0100] "GET /tree-data-structure.php HTTP/1.1" 200 1440
::1 - - [31/Mar/2023:21:47:29 +0100] "GET /css/tree.css HTTP/1.1" 304 -
::1 - - [31/Mar/2023:21:47:29 +0100] "GET /javascript/binarytree.js HTTP/1.1" 304 -
::1 - - [31/Mar/2023:21:47:30 +0100] "GET /tree-data-structure.php HTTP/1.1" 200 1440
::1 - - [31/Mar/2023:21:47:30 +0100] "GET /tree-data-structure.php HTTP/1.1" 200 1440
::1 - - [31/Mar/2023:21:47:32 +0100] "GET /tree-data-structure.php HTTP/1.1" 200 1440
::1 - - [31/Mar/2023:21:47:32 +0100] "GET /javascript/binarytree.js HTTP/1.1" 304 -
::1 - - [31/Mar/2023:21:47:33 +0100] "GET /tree-data-structure.php HTTP/1.1" 200 1440
::1 - - [31/Mar/2023:21:47:34 +0100] "GET /tree-data-structure.php HTTP/1.1" 200 1440
::1 - - [31/Mar/2023:21:47:35 +0100] "GET /tree-data-structure.php HTTP/1.1" 200 1440
::1 - - [31/Mar/2023:21:47:35 +0100] "GET /javascript/binarytree.js HTTP/1.1" 304 -
::1 - - [31/Mar/2023:21:47:36 +0100] "GET /tree-data-structure.php HTTP/1.1" 200 1440
::1 - - [31/Mar/2023:21:47:38 +0100] "GET /tree-data-structure.php HTTP/1.1" 200 1440
::1 - - [31/Mar/2023:21:47:39 +0100] "GET /tree-data-structure.php HTTP/1.1" 200 1440
::1 - - [31/Mar/2023:21:47:39 +0100] "GET /javascript/binarytree.js HTTP/1.1" 304 -
::1 - - [31/Mar/2023:21:47:40 +0100] "GET /tree-data-structure.php HTTP/1.1" 200 1440
::1 - - [31/Mar/2023:21:47:40 +0100] "GET /tree-data-structure.php HTTP/1.1" 200 1440
::1 - - [31/Mar/2023:21:47:41 +0100] "GET /tree-data-structure.php HTTP/1.1" 200 1440
::1 - - [31/Mar/2023:21:47:42 +0100] "GET /tree-data-structure.php HTTP/1.1" 200 1440
::1 - - [31/Mar/2023:21:47:43 +0100] "GET /tree-data-structure.php HTTP/1.1" 200 1440
::1 - - [31/Mar/2023:21:47:43 +0100] "GET /javascript/binarytree.js HTTP/1.1" 304 -
::1 - - [31/Mar/2023:21:49:53 +0100] "GET /tree-data-structure.php HTTP/1.1" 200 1440
::1 - - [31/Mar/2023:21:49:53 +0100] "GET /css/tree.css HTTP/1.1" 304 -
::1 - - [31/Mar/2023:21:49:53 +0100] "GET /javascript/binarytree.js HTTP/1.1" 200 3852
::1 - - [31/Mar/2023:21:49:54 +0100] "GET /tree-data-structure.php HTTP/1.1" 200 1440
::1 - - [31/Mar/2023:21:49:54 +0100] "GET /javascript/binarytree.js HTTP/1.1" 304 -
::1 - - [31/Mar/2023:21:49:55 +0100] "GET /tree-data-structure.php HTTP/1.1" 200 1440
::1 - - [31/Mar/2023:21:49:55 +0100] "GET /javascript/binarytree.js HTTP/1.1" 304 -
::1 - - [31/Mar/2023:21:49:57 +0100] "GET /tree-data-structure.php HTTP/1.1" 200 1440
::1 - - [31/Mar/2023:21:49:57 +0100] "GET /javascript/binarytree.js HTTP/1.1" 304 -
::1 - - [31/Mar/2023:21:49:58 +0100] "GET /tree-data-structure.php HTTP/1.1" 200 1440
::1 - - [31/Mar/2023:21:49:58 +0100] "GET /javascript/binarytree.js HTTP/1.1" 304 -
::1 - - [31/Mar/2023:21:49:59 +0100] "GET /tree-data-structure.php HTTP/1.1" 200 1440
::1 - - [31/Mar/2023:21:49:59 +0100] "GET /javascript/binarytree.js HTTP/1.1" 304 -
::1 - - [31/Mar/2023:21:50:00 +0100] "GET /tree-data-structure.php HTTP/1.1" 200 1440
::1 - - [31/Mar/2023:21:50:00 +0100] "GET /javascript/binarytree.js HTTP/1.1" 304 -
::1 - - [31/Mar/2023:21:50:00 +0100] "GET /tree-data-structure.php HTTP/1.1" 200 1440
::1 - - [31/Mar/2023:21:50:01 +0100] "GET /tree-data-structure.php HTTP/1.1" 200 1440
::1 - - [31/Mar/2023:21:50:01 +0100] "GET /javascript/binarytree.js HTTP/1.1" 304 -
::1 - - [31/Mar/2023:21:50:03 +0100] "GET /tree-data-structure.php HTTP/1.1" 200 1440
::1 - - [31/Mar/2023:21:50:03 +0100] "GET /javascript/binarytree.js HTTP/1.1" 304 -
::1 - - [31/Mar/2023:21:50:04 +0100] "GET /tree-data-structure.php HTTP/1.1" 200 1440
::1 - - [31/Mar/2023:21:50:04 +0100] "GET /javascript/binarytree.js HTTP/1.1" 304 -
::1 - - [31/Mar/2023:21:50:05 +0100] "GET /tree-data-structure.php HTTP/1.1" 200 1440
::1 - - [31/Mar/2023:21:50:05 +0100] "GET /javascript/binarytree.js HTTP/1.1" 304 -
::1 - - [31/Mar/2023:21:50:06 +0100] "GET /tree-data-structure.php HTTP/1.1" 200 1440
::1 - - [31/Mar/2023:21:50:07 +0100] "GET /tree-data-structure.php HTTP/1.1" 200 1440
::1 - - [31/Mar/2023:21:50:07 +0100] "GET /javascript/binarytree.js HTTP/1.1" 304 -
::1 - - [31/Mar/2023:21:50:08 +0100] "GET /tree-data-structure.php HTTP/1.1" 200 1440
::1 - - [31/Mar/2023:21:50:08 +0100] "GET /tree-data-structure.php HTTP/1.1" 200 1440
::1 - - [31/Mar/2023:21:50:08 +0100] "GET /javascript/binarytree.js HTTP/1.1" 304 -
::1 - - [31/Mar/2023:21:50:09 +0100] "GET /tree-data-structure.php HTTP/1.1" 200 1440
::1 - - [31/Mar/2023:21:50:26 +0100] "GET /tree-data-structure.php HTTP/1.1" 200 1440
::1 - - [31/Mar/2023:21:50:26 +0100] "GET /javascript/binarytree.js HTTP/1.1" 200 3852
::1 - - [31/Mar/2023:21:50:27 +0100] "GET /tree-data-structure.php HTTP/1.1" 200 1440
::1 - - [31/Mar/2023:21:50:27 +0100] "GET /javascript/binarytree.js HTTP/1.1" 304 -
::1 - - [31/Mar/2023:21:50:28 +0100] "GET /tree-data-structure.php HTTP/1.1" 200 1440
::1 - - [31/Mar/2023:21:50:28 +0100] "GET /javascript/binarytree.js HTTP/1.1" 304 -
::1 - - [31/Mar/2023:21:50:29 +0100] "GET /tree-data-structure.php HTTP/1.1" 200 1440
::1 - - [31/Mar/2023:21:50:29 +0100] "GET /javascript/binarytree.js HTTP/1.1" 304 -
::1 - - [31/Mar/2023:21:50:30 +0100] "GET /tree-data-structure.php HTTP/1.1" 200 1440
::1 - - [31/Mar/2023:21:50:30 +0100] "GET /javascript/binarytree.js HTTP/1.1" 304 -
::1 - - [31/Mar/2023:21:50:31 +0100] "GET /tree-data-structure.php HTTP/1.1" 200 1440
::1 - - [31/Mar/2023:21:50:32 +0100] "GET /javascript/binarytree.js HTTP/1.1" 304 -
::1 - - [31/Mar/2023:21:50:35 +0100] "GET /tree-data-structure.php HTTP/1.1" 200 1440
::1 - - [31/Mar/2023:21:50:35 +0100] "GET /javascript/binarytree.js HTTP/1.1" 304 -
::1 - - [31/Mar/2023:21:50:36 +0100] "GET /tree-data-structure.php HTTP/1.1" 200 1440
::1 - - [31/Mar/2023:21:50:37 +0100] "GET /javascript/binarytree.js HTTP/1.1" 304 -
::1 - - [31/Mar/2023:21:50:45 +0100] "GET /tree-data-structure.php HTTP/1.1" 200 1440
::1 - - [31/Mar/2023:21:50:45 +0100] "GET /css/tree.css HTTP/1.1" 304 -
::1 - - [31/Mar/2023:21:50:45 +0100] "GET /javascript/binarytree.js HTTP/1.1" 304 -
::1 - - [31/Mar/2023:21:50:49 +0100] "GET /tree-data-structure.php HTTP/1.1" 200 1440
::1 - - [31/Mar/2023:21:50:49 +0100] "GET /javascript/binarytree.js HTTP/1.1" 304 -
::1 - - [31/Mar/2023:21:50:50 +0100] "GET /tree-data-structure.php HTTP/1.1" 200 1440
::1 - - [31/Mar/2023:21:50:51 +0100] "GET /tree-data-structure.php HTTP/1.1" 200 1440
::1 - - [31/Mar/2023:21:50:51 +0100] "GET /javascript/binarytree.js HTTP/1.1" 304 -
::1 - - [31/Mar/2023:21:50:52 +0100] "GET /tree-data-structure.php HTTP/1.1" 200 1440
::1 - - [31/Mar/2023:21:50:53 +0100] "GET /tree-data-structure.php HTTP/1.1" 200 1440
::1 - - [31/Mar/2023:21:50:54 +0100] "GET /tree-data-structure.php HTTP/1.1" 200 1440
::1 - - [31/Mar/2023:21:50:54 +0100] "GET /javascript/binarytree.js HTTP/1.1" 304 -
::1 - - [31/Mar/2023:21:50:55 +0100] "GET /tree-data-structure.php HTTP/1.1" 200 1440
::1 - - [31/Mar/2023:21:50:56 +0100] "GET /tree-data-structure.php HTTP/1.1" 200 1440
::1 - - [31/Mar/2023:21:50:58 +0100] "GET /tree-data-structure.php HTTP/1.1" 200 1440
::1 - - [31/Mar/2023:21:50:58 +0100] "GET /javascript/binarytree.js HTTP/1.1" 304 -
::1 - - [31/Mar/2023:21:51:13 +0100] "GET /tree-data-structure.php HTTP/1.1" 200 1440
::1 - - [31/Mar/2023:21:51:13 +0100] "GET /javascript/binarytree.js HTTP/1.1" 200 3854
::1 - - [31/Mar/2023:21:51:17 +0100] "GET /tree-data-structure.php HTTP/1.1" 200 1440
::1 - - [31/Mar/2023:21:51:17 +0100] "GET /javascript/binarytree.js HTTP/1.1" 304 -
::1 - - [31/Mar/2023:21:51:19 +0100] "GET /tree-data-structure.php HTTP/1.1" 200 1440
::1 - - [31/Mar/2023:21:51:19 +0100] "GET /javascript/binarytree.js HTTP/1.1" 304 -
::1 - - [31/Mar/2023:21:51:20 +0100] "GET /tree-data-structure.php HTTP/1.1" 200 1440
::1 - - [31/Mar/2023:21:51:20 +0100] "GET /javascript/binarytree.js HTTP/1.1" 304 -
::1 - - [31/Mar/2023:21:51:23 +0100] "GET /tree-data-structure.php HTTP/1.1" 200 1440
::1 - - [31/Mar/2023:21:51:23 +0100] "GET /javascript/binarytree.js HTTP/1.1" 304 -
::1 - - [31/Mar/2023:21:51:24 +0100] "GET /tree-data-structure.php HTTP/1.1" 200 1440
::1 - - [31/Mar/2023:21:51:24 +0100] "GET /javascript/binarytree.js HTTP/1.1" 304 -
::1 - - [31/Mar/2023:21:51:25 +0100] "GET /tree-data-structure.php HTTP/1.1" 200 1440
::1 - - [31/Mar/2023:21:51:25 +0100] "GET /javascript/binarytree.js HTTP/1.1" 304 -
::1 - - [31/Mar/2023:21:52:36 +0100] "GET /tree-data-structure.php HTTP/1.1" 200 1440
::1 - - [31/Mar/2023:21:52:36 +0100] "GET /css/tree.css HTTP/1.1" 304 -
::1 - - [31/Mar/2023:21:52:36 +0100] "GET /javascript/binarytree.js HTTP/1.1" 200 3869
::1 - - [31/Mar/2023:21:52:37 +0100] "GET /tree-data-structure.php HTTP/1.1" 200 1440
::1 - - [31/Mar/2023:21:52:38 +0100] "GET /tree-data-structure.php HTTP/1.1" 200 1440
::1 - - [31/Mar/2023:21:52:39 +0100] "GET /tree-data-structure.php HTTP/1.1" 200 1440
::1 - - [31/Mar/2023:21:52:40 +0100] "GET /tree-data-structure.php HTTP/1.1" 200 1440
::1 - - [31/Mar/2023:21:52:41 +0100] "GET /tree-data-structure.php HTTP/1.1" 200 1440
::1 - - [31/Mar/2023:21:52:41 +0100] "GET /tree-data-structure.php HTTP/1.1" 200 1440
::1 - - [31/Mar/2023:21:52:41 +0100] "GET /javascript/binarytree.js HTTP/1.1" 304 -
::1 - - [31/Mar/2023:21:52:42 +0100] "GET /tree-data-structure.php HTTP/1.1" 200 1440
::1 - - [31/Mar/2023:21:52:43 +0100] "GET /tree-data-structure.php HTTP/1.1" 200 1440
::1 - - [31/Mar/2023:21:52:44 +0100] "GET /tree-data-structure.php HTTP/1.1" 200 1440
::1 - - [31/Mar/2023:21:52:45 +0100] "GET /tree-data-structure.php HTTP/1.1" 200 1440
::1 - - [31/Mar/2023:21:52:48 +0100] "GET /tree-data-structure.php HTTP/1.1" 200 1440
::1 - - [31/Mar/2023:21:52:48 +0100] "GET /javascript/binarytree.js HTTP/1.1" 304 -
::1 - - [31/Mar/2023:21:52:48 +0100] "GET /tree-data-structure.php HTTP/1.1" 200 1440
::1 - - [31/Mar/2023:21:52:50 +0100] "GET /tree-data-structure.php HTTP/1.1" 200 1440
::1 - - [31/Mar/2023:21:52:52 +0100] "GET /tree-data-structure.php HTTP/1.1" 200 1440
::1 - - [31/Mar/2023:21:52:54 +0100] "GET /tree-data-structure.php HTTP/1.1" 200 1440
::1 - - [31/Mar/2023:21:52:58 +0100] "GET /tree-data-structure.php HTTP/1.1" 200 1440
::1 - - [31/Mar/2023:21:52:58 +0100] "GET /javascript/binarytree.js HTTP/1.1" 304 -
::1 - - [31/Mar/2023:21:53:41 +0100] "-" 408 -
::1 - - [31/Mar/2023:22:26:15 +0100] "GET /tree-data-structure.php HTTP/1.1" 200 1440
::1 - - [31/Mar/2023:22:26:15 +0100] "GET /javascript/navbar.js HTTP/1.1" 304 -
::1 - - [31/Mar/2023:22:26:15 +0100] "GET /css/tree.css HTTP/1.1" 304 -
::1 - - [31/Mar/2023:22:26:15 +0100] "GET /css/nav.css HTTP/1.1" 304 -
::1 - - [31/Mar/2023:22:26:15 +0100] "GET /css/sidebar.css HTTP/1.1" 304 -
::1 - - [31/Mar/2023:22:26:15 +0100] "GET /javascript/binarytree.js HTTP/1.1" 304 -
::1 - - [31/Mar/2023:22:26:17 +0100] "GET /tree-data-structure.php HTTP/1.1" 200 1440
::1 - - [31/Mar/2023:22:26:18 +0100] "GET /tree-data-structure.php HTTP/1.1" 200 1440
::1 - - [31/Mar/2023:22:26:19 +0100] "GET /tree-data-structure.php HTTP/1.1" 200 1440
::1 - - [31/Mar/2023:22:26:20 +0100] "GET /tree-data-structure.php HTTP/1.1" 200 1440
::1 - - [31/Mar/2023:22:26:20 +0100] "GET /tree-data-structure.php HTTP/1.1" 200 1440
::1 - - [31/Mar/2023:22:26:21 +0100] "GET /tree-data-structure.php HTTP/1.1" 200 1440
::1 - - [31/Mar/2023:22:26:22 +0100] "GET /tree-data-structure.php HTTP/1.1" 200 1440
::1 - - [31/Mar/2023:22:26:23 +0100] "GET /tree-data-structure.php HTTP/1.1" 200 1440
::1 - - [31/Mar/2023:22:26:23 +0100] "GET /tree-data-structure.php HTTP/1.1" 200 1440
::1 - - [31/Mar/2023:22:26:24 +0100] "GET /tree-data-structure.php HTTP/1.1" 200 1440
::1 - - [31/Mar/2023:22:27:06 +0100] "GET /tree-data-structure.php HTTP/1.1" 200 1453
::1 - - [31/Mar/2023:22:27:08 +0100] "GET /tree-data-structure.php HTTP/1.1" 200 1453
::1 - - [31/Mar/2023:22:27:14 +0100] "GET /tree-data-structure.php HTTP/1.1" 200 1453
::1 - - [31/Mar/2023:22:27:14 +0100] "GET /javascript/navbar.js HTTP/1.1" 200 469
::1 - - [31/Mar/2023:22:27:14 +0100] "GET /css/tree.css HTTP/1.1" 200 706
::1 - - [31/Mar/2023:22:27:14 +0100] "GET /css/nav.css HTTP/1.1" 200 1389
::1 - - [31/Mar/2023:22:27:14 +0100] "GET /css/sidebar.css HTTP/1.1" 200 624
::1 - - [31/Mar/2023:22:27:14 +0100] "GET /javascript/binarytree.js HTTP/1.1" 200 3872
::1 - - [31/Mar/2023:22:27:14 +0100] "GET /favicon.ico HTTP/1.1" 404 196
::1 - - [31/Mar/2023:22:27:24 +0100] "GET /tree-data-structure.php HTTP/1.1" 200 1453
::1 - - [31/Mar/2023:22:27:24 +0100] "GET /javascript/binarytree.js HTTP/1.1" 304 -
::1 - - [31/Mar/2023:22:27:44 +0100] "GET /tree-data-structure.php HTTP/1.1" 200 1453
::1 - - [31/Mar/2023:22:27:44 +0100] "GET /javascript/binarytree.js HTTP/1.1" 304 -
::1 - - [31/Mar/2023:22:30:27 +0100] "GET /tree-data-structure.php HTTP/1.1" 200 1453
::1 - - [31/Mar/2023:22:30:28 +0100] "GET /javascript/binarytree.js HTTP/1.1" 200 3875
::1 - - [31/Mar/2023:22:31:57 +0100] "GET /tree-data-structure.php HTTP/1.1" 200 1453
::1 - - [31/Mar/2023:22:31:57 +0100] "GET /css/tree.css HTTP/1.1" 304 -
::1 - - [31/Mar/2023:22:31:57 +0100] "GET /javascript/binarytree.js HTTP/1.1" 304 -
::1 - - [31/Mar/2023:22:32:33 +0100] "GET /tree-data-structure.php HTTP/1.1" 200 1465
::1 - - [31/Mar/2023:22:32:33 +0100] "GET /javascript/binarytree.js HTTP/1.1" 304 -
::1 - - [31/Mar/2023:22:33:06 +0100] "GET /tree-data-structure.php HTTP/1.1" 200 1465
::1 - - [31/Mar/2023:22:33:06 +0100] "GET /javascript/binarytree.js HTTP/1.1" 200 3875
::1 - - [31/Mar/2023:22:33:09 +0100] "GET /tree-data-structure.php HTTP/1.1" 200 1465
::1 - - [31/Mar/2023:22:33:09 +0100] "GET /javascript/navbar.js HTTP/1.1" 200 469
::1 - - [31/Mar/2023:22:33:09 +0100] "GET /css/tree.css HTTP/1.1" 200 706
::1 - - [31/Mar/2023:22:33:09 +0100] "GET /css/nav.css HTTP/1.1" 200 1389
::1 - - [31/Mar/2023:22:33:09 +0100] "GET /javascript/binarytree.js HTTP/1.1" 200 3875
::1 - - [31/Mar/2023:22:33:09 +0100] "GET /css/sidebar.css HTTP/1.1" 200 624
::1 - - [31/Mar/2023:22:33:09 +0100] "GET /favicon.ico HTTP/1.1" 404 196
::1 - - [31/Mar/2023:22:33:22 +0100] "GET /tree-data-structure.php HTTP/1.1" 200 1465
::1 - - [31/Mar/2023:22:33:22 +0100] "GET /javascript/binarytree.js HTTP/1.1" 200 3876
::1 - - [31/Mar/2023:22:33:25 +0100] "GET /tree-data-structure.php HTTP/1.1" 200 1465
::1 - - [31/Mar/2023:22:33:25 +0100] "GET /javascript/navbar.js HTTP/1.1" 200 469
::1 - - [31/Mar/2023:22:33:25 +0100] "GET /css/tree.css HTTP/1.1" 200 706
::1 - - [31/Mar/2023:22:33:25 +0100] "GET /css/sidebar.css HTTP/1.1" 200 624
::1 - - [31/Mar/2023:22:33:25 +0100] "GET /css/nav.css HTTP/1.1" 200 1389
::1 - - [31/Mar/2023:22:33:25 +0100] "GET /javascript/binarytree.js HTTP/1.1" 200 3876
::1 - - [31/Mar/2023:22:33:25 +0100] "GET /favicon.ico HTTP/1.1" 404 196
::1 - - [31/Mar/2023:22:34:42 +0100] "GET /tree-data-structure.php HTTP/1.1" 200 1465
::1 - - [31/Mar/2023:22:34:42 +0100] "GET /javascript/binarytree.js HTTP/1.1" 304 -
::1 - - [31/Mar/2023:22:35:47 +0100] "GET /tree-data-structure.php HTTP/1.1" 200 1465
::1 - - [31/Mar/2023:22:35:47 +0100] "GET /javascript/binarytree.js HTTP/1.1" 304 -
::1 - - [31/Mar/2023:22:35:49 +0100] "GET /tree-data-structure.php HTTP/1.1" 200 1465
::1 - - [31/Mar/2023:22:35:49 +0100] "GET /css/tree.css HTTP/1.1" 200 706
::1 - - [31/Mar/2023:22:35:49 +0100] "GET /javascript/navbar.js HTTP/1.1" 200 469
::1 - - [31/Mar/2023:22:35:49 +0100] "GET /css/nav.css HTTP/1.1" 200 1389
::1 - - [31/Mar/2023:22:35:49 +0100] "GET /css/sidebar.css HTTP/1.1" 200 624
::1 - - [31/Mar/2023:22:35:49 +0100] "GET /javascript/binarytree.js HTTP/1.1" 200 3876
::1 - - [31/Mar/2023:22:35:49 +0100] "GET /favicon.ico HTTP/1.1" 404 196
::1 - - [31/Mar/2023:22:35:55 +0100] "GET /tree-data-structure.php HTTP/1.1" 200 1465
::1 - - [31/Mar/2023:22:36:09 +0100] "GET /tree-data-structure.php HTTP/1.1" 200 1465
::1 - - [31/Mar/2023:22:36:09 +0100] "GET /javascript/binarytree.js HTTP/1.1" 200 3876
::1 - - [31/Mar/2023:22:52:39 +0100] "GET /tree-data-structure.php HTTP/1.1" 200 1465
::1 - - [31/Mar/2023:22:52:40 +0100] "GET /css/tree.css HTTP/1.1" 304 -
::1 - - [31/Mar/2023:22:52:40 +0100] "GET /javascript/binarytree.js HTTP/1.1" 304 -
::1 - - [31/Mar/2023:22:52:42 +0100] "GET /tree-data-structure.php HTTP/1.1" 200 1465
::1 - - [31/Mar/2023:22:53:02 +0100] "GET /tree-data-structure.php HTTP/1.1" 200 1465
::1 - - [31/Mar/2023:22:53:09 +0100] "GET /tree-data-structure.php HTTP/1.1" 200 1465
::1 - - [31/Mar/2023:22:53:09 +0100] "GET /javascript/navbar.js HTTP/1.1" 200 469
::1 - - [31/Mar/2023:22:53:09 +0100] "GET /css/tree.css HTTP/1.1" 200 706
::1 - - [31/Mar/2023:22:53:09 +0100] "GET /css/nav.css HTTP/1.1" 200 1389
::1 - - [31/Mar/2023:22:53:09 +0100] "GET /css/sidebar.css HTTP/1.1" 200 624
::1 - - [31/Mar/2023:22:53:09 +0100] "GET /javascript/binarytree.js HTTP/1.1" 200 3876
::1 - - [31/Mar/2023:22:53:09 +0100] "GET /favicon.ico HTTP/1.1" 404 196
::1 - - [31/Mar/2023:22:53:32 +0100] "GET /tree-data-structure.php HTTP/1.1" 200 1465
::1 - - [31/Mar/2023:22:53:32 +0100] "GET /javascript/binarytree.js HTTP/1.1" 304 -
::1 - - [31/Mar/2023:22:53:39 +0100] "GET /tree-data-structure.php HTTP/1.1" 200 1465
::1 - - [31/Mar/2023:22:53:39 +0100] "GET /javascript/binarytree.js HTTP/1.1" 304 -
::1 - - [31/Mar/2023:22:53:47 +0100] "GET /tree-data-structure.php HTTP/1.1" 200 1465
::1 - - [31/Mar/2023:22:53:47 +0100] "GET /javascript/binarytree.js HTTP/1.1" 304 -
::1 - - [31/Mar/2023:22:54:19 +0100] "GET /tree-data-structure.php HTTP/1.1" 200 1465
::1 - - [31/Mar/2023:22:54:19 +0100] "GET /javascript/binarytree.js HTTP/1.1" 304 -
::1 - - [31/Mar/2023:22:55:08 +0100] "GET /tree-data-structure.php HTTP/1.1" 200 1465
::1 - - [31/Mar/2023:22:55:08 +0100] "GET /javascript/binarytree.js HTTP/1.1" 304 -
::1 - - [31/Mar/2023:22:55:35 +0100] "GET /tree-data-structure.php HTTP/1.1" 200 1465
::1 - - [31/Mar/2023:22:55:35 +0100] "GET /javascript/binarytree.js HTTP/1.1" 200 3876
::1 - - [31/Mar/2023:22:55:54 +0100] "GET /tree-data-structure.php HTTP/1.1" 200 1465
::1 - - [31/Mar/2023:22:55:54 +0100] "GET /javascript/binarytree.js HTTP/1.1" 304 -
::1 - - [31/Mar/2023:22:56:15 +0100] "GET /tree-data-structure.php HTTP/1.1" 200 1465
::1 - - [31/Mar/2023:22:56:15 +0100] "GET /javascript/binarytree.js HTTP/1.1" 304 -
::1 - - [31/Mar/2023:22:57:24 +0100] "GET /tree-data-structure.php HTTP/1.1" 200 1465
::1 - - [31/Mar/2023:22:57:24 +0100] "GET /javascript/binarytree.js HTTP/1.1" 200 3882
::1 - - [31/Mar/2023:22:57:48 +0100] "GET /tree-data-structure.php HTTP/1.1" 200 1465
::1 - - [31/Mar/2023:22:57:49 +0100] "GET /javascript/binarytree.js HTTP/1.1" 200 3882
::1 - - [31/Mar/2023:22:58:01 +0100] "GET /tree-data-structure.php HTTP/1.1" 200 1465
::1 - - [31/Mar/2023:22:58:01 +0100] "GET /javascript/binarytree.js HTTP/1.1" 200 3882
::1 - - [31/Mar/2023:22:58:19 +0100] "GET /tree-data-structure.php HTTP/1.1" 200 1465
::1 - - [31/Mar/2023:22:58:19 +0100] "GET /javascript/binarytree.js HTTP/1.1" 200 3882
::1 - - [31/Mar/2023:22:58:21 +0100] "GET /tree-data-structure.php HTTP/1.1" 200 1465
::1 - - [31/Mar/2023:22:58:21 +0100] "GET /javascript/navbar.js HTTP/1.1" 200 469
::1 - - [31/Mar/2023:22:58:21 +0100] "GET /css/tree.css HTTP/1.1" 200 706
::1 - - [31/Mar/2023:22:58:22 +0100] "GET /css/nav.css HTTP/1.1" 200 1389
::1 - - [31/Mar/2023:22:58:22 +0100] "GET /css/sidebar.css HTTP/1.1" 200 624
::1 - - [31/Mar/2023:22:58:22 +0100] "GET /javascript/binarytree.js HTTP/1.1" 200 3882
::1 - - [31/Mar/2023:22:58:22 +0100] "GET /favicon.ico HTTP/1.1" 404 196
::1 - - [31/Mar/2023:22:59:22 +0100] "GET /tree-data-structure.php HTTP/1.1" 200 1465
::1 - - [31/Mar/2023:22:59:22 +0100] "GET /javascript/binarytree.js HTTP/1.1" 304 -
::1 - - [31/Mar/2023:22:59:41 +0100] "GET /tree-data-structure.php HTTP/1.1" 200 1465
::1 - - [31/Mar/2023:22:59:41 +0100] "GET /javascript/binarytree.js HTTP/1.1" 304 -
::1 - - [31/Mar/2023:23:01:09 +0100] "GET /tree-data-structure.php HTTP/1.1" 200 1465
::1 - - [31/Mar/2023:23:01:09 +0100] "GET /javascript/binarytree.js HTTP/1.1" 304 -
::1 - - [31/Mar/2023:23:06:58 +0100] "GET /tree-data-structure.php HTTP/1.1" 200 1465
::1 - - [31/Mar/2023:23:06:58 +0100] "GET /css/tree.css HTTP/1.1" 304 -
::1 - - [31/Mar/2023:23:06:58 +0100] "GET /javascript/binarytree.js HTTP/1.1" 200 3913
::1 - - [31/Mar/2023:23:07:02 +0100] "GET /tree-data-structure.php HTTP/1.1" 200 1465
::1 - - [31/Mar/2023:23:07:02 +0100] "GET /css/tree.css HTTP/1.1" 200 706
::1 - - [31/Mar/2023:23:07:02 +0100] "GET /javascript/binarytree.js HTTP/1.1" 200 3913
::1 - - [31/Mar/2023:23:07:02 +0100] "GET /css/sidebar.css HTTP/1.1" 200 624
::1 - - [31/Mar/2023:23:07:02 +0100] "GET /css/nav.css HTTP/1.1" 200 1389
::1 - - [31/Mar/2023:23:07:02 +0100] "GET /javascript/navbar.js HTTP/1.1" 200 469
::1 - - [31/Mar/2023:23:07:02 +0100] "GET /favicon.ico HTTP/1.1" 404 196
::1 - - [31/Mar/2023:23:07:26 +0100] "GET /tree-data-structure.php HTTP/1.1" 200 1465
::1 - - [31/Mar/2023:23:07:26 +0100] "GET /javascript/binarytree.js HTTP/1.1" 200 3914
::1 - - [31/Mar/2023:23:07:41 +0100] "GET /tree-data-structure.php HTTP/1.1" 200 1465
::1 - - [31/Mar/2023:23:07:41 +0100] "GET /javascript/binarytree.js HTTP/1.1" 200 3916
::1 - - [31/Mar/2023:23:08:01 +0100] "GET /tree-data-structure.php HTTP/1.1" 200 1465
::1 - - [31/Mar/2023:23:08:01 +0100] "GET /javascript/binarytree.js HTTP/1.1" 200 3915
::1 - - [31/Mar/2023:23:08:44 +0100] "GET /tree-data-structure.php HTTP/1.1" 200 1465
::1 - - [31/Mar/2023:23:08:44 +0100] "GET /javascript/binarytree.js HTTP/1.1" 200 3909
::1 - - [31/Mar/2023:23:08:48 +0100] "GET /tree-data-structure.php HTTP/1.1" 200 1465
::1 - - [31/Mar/2023:23:08:48 +0100] "GET /javascript/binarytree.js HTTP/1.1" 304 -
::1 - - [31/Mar/2023:23:09:23 +0100] "GET /tree-data-structure.php HTTP/1.1" 200 1465
::1 - - [31/Mar/2023:23:09:23 +0100] "GET /javascript/binarytree.js HTTP/1.1" 200 3896
::1 - - [31/Mar/2023:23:09:26 +0100] "GET /tree-data-structure.php HTTP/1.1" 200 1465
::1 - - [31/Mar/2023:23:09:26 +0100] "GET /javascript/binarytree.js HTTP/1.1" 304 -
::1 - - [31/Mar/2023:23:10:04 +0100] "GET /tree-data-structure.php HTTP/1.1" 200 1465
::1 - - [31/Mar/2023:23:10:04 +0100] "GET /javascript/binarytree.js HTTP/1.1" 200 3896
::1 - - [31/Mar/2023:23:10:13 +0100] "GET /tree-data-structure.php HTTP/1.1" 200 1465
::1 - - [31/Mar/2023:23:10:13 +0100] "GET /javascript/binarytree.js HTTP/1.1" 200 3896
::1 - - [31/Mar/2023:23:10:22 +0100] "GET /tree-data-structure.php HTTP/1.1" 200 1465
::1 - - [31/Mar/2023:23:10:22 +0100] "GET /javascript/binarytree.js HTTP/1.1" 200 3897
::1 - - [31/Mar/2023:23:10:42 +0100] "GET /tree-data-structure.php HTTP/1.1" 200 1465
::1 - - [31/Mar/2023:23:10:42 +0100] "GET /javascript/binarytree.js HTTP/1.1" 200 3897
::1 - - [31/Mar/2023:23:10:45 +0100] "GET /VR.php HTTP/1.1" 200 7995
::1 - - [31/Mar/2023:23:10:45 +0100] "GET /css/vr.css HTTP/1.1" 200 388
::1 - - [31/Mar/2023:23:10:49 +0100] "GET /tree-data-structure.php HTTP/1.1" 200 1465
::1 - - [31/Mar/2023:23:10:49 +0100] "GET /javascript/binarytree.js HTTP/1.1" 304 -
::1 - - [31/Mar/2023:23:11:03 +0100] "GET /tree-data-structure.php HTTP/1.1" 200 1465
::1 - - [31/Mar/2023:23:11:03 +0100] "GET /javascript/binarytree.js HTTP/1.1" 200 3898
::1 - - [31/Mar/2023:23:11:18 +0100] "GET /tree-data-structure.php HTTP/1.1" 200 1465
::1 - - [31/Mar/2023:23:11:19 +0100] "GET /javascript/binarytree.js HTTP/1.1" 200 3898
::1 - - [31/Mar/2023:23:11:26 +0100] "GET /tree-data-structure.php HTTP/1.1" 200 1465
::1 - - [31/Mar/2023:23:11:26 +0100] "GET /javascript/binarytree.js HTTP/1.1" 200 3898
::1 - - [31/Mar/2023:23:11:40 +0100] "GET /tree-data-structure.php HTTP/1.1" 200 1465
::1 - - [31/Mar/2023:23:11:40 +0100] "GET /javascript/binarytree.js HTTP/1.1" 200 3899
::1 - - [31/Mar/2023:23:11:55 +0100] "GET /tree-data-structure.php HTTP/1.1" 200 1465
::1 - - [31/Mar/2023:23:11:55 +0100] "GET /javascript/binarytree.js HTTP/1.1" 200 3899
::1 - - [31/Mar/2023:23:12:27 +0100] "GET /tree-data-structure.php HTTP/1.1" 200 1465
::1 - - [31/Mar/2023:23:12:27 +0100] "GET /javascript/binarytree.js HTTP/1.1" 200 3904
::1 - - [31/Mar/2023:23:12:28 +0100] "GET /tree-data-structure.php HTTP/1.1" 200 1465
::1 - - [31/Mar/2023:23:12:28 +0100] "GET /javascript/binarytree.js HTTP/1.1" 304 -
::1 - - [31/Mar/2023:23:12:30 +0100] "GET /tree-data-structure.php HTTP/1.1" 200 1465
::1 - - [31/Mar/2023:23:12:30 +0100] "GET /javascript/binarytree.js HTTP/1.1" 304 -
::1 - - [31/Mar/2023:23:12:33 +0100] "GET /tree-data-structure.php HTTP/1.1" 200 1465
::1 - - [31/Mar/2023:23:12:33 +0100] "GET /javascript/binarytree.js HTTP/1.1" 304 -
::1 - - [31/Mar/2023:23:12:34 +0100] "GET /tree-data-structure.php HTTP/1.1" 200 1465
::1 - - [31/Mar/2023:23:12:34 +0100] "GET /javascript/binarytree.js HTTP/1.1" 304 -
::1 - - [31/Mar/2023:23:12:36 +0100] "GET /tree-data-structure.php HTTP/1.1" 200 1465
::1 - - [31/Mar/2023:23:12:36 +0100] "GET /javascript/binarytree.js HTTP/1.1" 304 -
::1 - - [31/Mar/2023:23:12:37 +0100] "GET /tree-data-structure.php HTTP/1.1" 200 1465
::1 - - [31/Mar/2023:23:12:38 +0100] "GET /tree-data-structure.php HTTP/1.1" 200 1465
::1 - - [31/Mar/2023:23:12:38 +0100] "GET /javascript/binarytree.js HTTP/1.1" 304 -
::1 - - [31/Mar/2023:23:12:39 +0100] "GET /tree-data-structure.php HTTP/1.1" 200 1465
::1 - - [31/Mar/2023:23:12:40 +0100] "GET /tree-data-structure.php HTTP/1.1" 200 1465
::1 - - [31/Mar/2023:23:12:40 +0100] "GET /javascript/binarytree.js HTTP/1.1" 304 -
::1 - - [31/Mar/2023:23:12:41 +0100] "GET /tree-data-structure.php HTTP/1.1" 200 1465
::1 - - [31/Mar/2023:23:12:42 +0100] "GET /tree-data-structure.php HTTP/1.1" 200 1465
::1 - - [31/Mar/2023:23:12:42 +0100] "GET /javascript/binarytree.js HTTP/1.1" 304 -
::1 - - [31/Mar/2023:23:12:43 +0100] "GET /tree-data-structure.php HTTP/1.1" 200 1465
::1 - - [31/Mar/2023:23:12:44 +0100] "GET /tree-data-structure.php HTTP/1.1" 200 1465
::1 - - [31/Mar/2023:23:12:44 +0100] "GET /javascript/binarytree.js HTTP/1.1" 304 -
::1 - - [31/Mar/2023:23:12:45 +0100] "GET /tree-data-structure.php HTTP/1.1" 200 1465
::1 - - [31/Mar/2023:23:12:46 +0100] "GET /tree-data-structure.php HTTP/1.1" 200 1465
::1 - - [31/Mar/2023:23:12:46 +0100] "GET /javascript/binarytree.js HTTP/1.1" 304 -
::1 - - [31/Mar/2023:23:12:47 +0100] "GET /tree-data-structure.php HTTP/1.1" 200 1465
::1 - - [31/Mar/2023:23:12:48 +0100] "GET /tree-data-structure.php HTTP/1.1" 200 1465
::1 - - [31/Mar/2023:23:12:49 +0100] "GET /tree-data-structure.php HTTP/1.1" 200 1465
::1 - - [31/Mar/2023:23:12:49 +0100] "GET /javascript/binarytree.js HTTP/1.1" 304 -
::1 - - [31/Mar/2023:23:12:50 +0100] "GET /tree-data-structure.php HTTP/1.1" 200 1465
::1 - - [31/Mar/2023:23:12:51 +0100] "GET /tree-data-structure.php HTTP/1.1" 200 1465
::1 - - [31/Mar/2023:23:12:51 +0100] "GET /tree-data-structure.php HTTP/1.1" 200 1465
::1 - - [31/Mar/2023:23:12:52 +0100] "GET /javascript/binarytree.js HTTP/1.1" 304 -
::1 - - [31/Mar/2023:23:12:52 +0100] "GET /tree-data-structure.php HTTP/1.1" 200 1465
::1 - - [31/Mar/2023:23:13:07 +0100] "GET /tree-data-structure.php HTTP/1.1" 200 1465
::1 - - [31/Mar/2023:23:13:07 +0100] "GET /javascript/binarytree.js HTTP/1.1" 200 3904
::1 - - [31/Mar/2023:23:13:11 +0100] "GET /tree-data-structure.php HTTP/1.1" 200 1465
::1 - - [31/Mar/2023:23:13:11 +0100] "GET /javascript/binarytree.js HTTP/1.1" 304 -
::1 - - [31/Mar/2023:23:15:26 +0100] "GET /tree-data-structure.php HTTP/1.1" 200 1465
::1 - - [31/Mar/2023:23:15:26 +0100] "GET /javascript/binarytree.js HTTP/1.1" 200 3929
::1 - - [31/Mar/2023:23:16:31 +0100] "GET /tree-data-structure.php HTTP/1.1" 200 1465
::1 - - [31/Mar/2023:23:16:31 +0100] "GET /css/tree.css HTTP/1.1" 304 -
::1 - - [31/Mar/2023:23:16:31 +0100] "GET /javascript/binarytree.js HTTP/1.1" 304 -
::1 - - [31/Mar/2023:23:16:33 +0100] "GET /tree-data-structure.php HTTP/1.1" 200 1465
::1 - - [31/Mar/2023:23:16:51 +0100] "GET /tree-data-structure.php HTTP/1.1" 200 1465
::1 - - [31/Mar/2023:23:16:51 +0100] "GET /javascript/binarytree.js HTTP/1.1" 304 -
::1 - - [31/Mar/2023:23:16:55 +0100] "GET /tree-data-structure.php HTTP/1.1" 200 1465
::1 - - [31/Mar/2023:23:16:55 +0100] "GET /javascript/navbar.js HTTP/1.1" 200 469
::1 - - [31/Mar/2023:23:16:55 +0100] "GET /css/sidebar.css HTTP/1.1" 200 624
::1 - - [31/Mar/2023:23:16:55 +0100] "GET /css/nav.css HTTP/1.1" 200 1389
::1 - - [31/Mar/2023:23:16:55 +0100] "GET /javascript/binarytree.js HTTP/1.1" 200 3929
::1 - - [31/Mar/2023:23:16:55 +0100] "GET /css/tree.css HTTP/1.1" 200 700
::1 - - [31/Mar/2023:23:16:55 +0100] "GET /favicon.ico HTTP/1.1" 404 196
::1 - - [31/Mar/2023:23:29:17 +0100] "GET /tree-data-structure.php HTTP/1.1" 200 1465
::1 - - [31/Mar/2023:23:29:17 +0100] "GET /css/tree.css HTTP/1.1" 304 -
::1 - - [31/Mar/2023:23:29:17 +0100] "GET /javascript/binarytree.js HTTP/1.1" 304 -
::1 - - [31/Mar/2023:23:35:16 +0100] "GET /tree-data-structure.php HTTP/1.1" 200 1465
::1 - - [31/Mar/2023:23:35:16 +0100] "GET /css/tree.css HTTP/1.1" 304 -
::1 - - [31/Mar/2023:23:35:16 +0100] "GET /javascript/binarytree.js HTTP/1.1" 200 3859
::1 - - [31/Mar/2023:23:35:19 +0100] "GET /tree-data-structure.php HTTP/1.1" 200 1465
::1 - - [31/Mar/2023:23:35:19 +0100] "GET /javascript/navbar.js HTTP/1.1" 200 469
::1 - - [31/Mar/2023:23:35:19 +0100] "GET /css/tree.css HTTP/1.1" 200 700
::1 - - [31/Mar/2023:23:35:19 +0100] "GET /css/nav.css HTTP/1.1" 200 1389
::1 - - [31/Mar/2023:23:35:19 +0100] "GET /css/sidebar.css HTTP/1.1" 200 624
::1 - - [31/Mar/2023:23:35:19 +0100] "GET /javascript/binarytree.js HTTP/1.1" 200 3859
::1 - - [31/Mar/2023:23:35:19 +0100] "GET /favicon.ico HTTP/1.1" 404 196
::1 - - [31/Mar/2023:23:35:38 +0100] "GET /tree-data-structure.php HTTP/1.1" 200 1465
::1 - - [31/Mar/2023:23:35:38 +0100] "GET /javascript/navbar.js HTTP/1.1" 200 469
::1 - - [31/Mar/2023:23:35:38 +0100] "GET /css/tree.css HTTP/1.1" 200 700
::1 - - [31/Mar/2023:23:35:38 +0100] "GET /css/nav.css HTTP/1.1" 200 1389
::1 - - [31/Mar/2023:23:35:38 +0100] "GET /css/sidebar.css HTTP/1.1" 200 624
::1 - - [31/Mar/2023:23:35:38 +0100] "GET /javascript/binarytree.js HTTP/1.1" 200 3837
::1 - - [31/Mar/2023:23:35:38 +0100] "GET /favicon.ico HTTP/1.1" 404 196
::1 - - [31/Mar/2023:23:35:42 +0100] "GET /tree-data-structure.php HTTP/1.1" 200 1465
::1 - - [31/Mar/2023:23:35:42 +0100] "GET /javascript/binarytree.js HTTP/1.1" 304 -
::1 - - [31/Mar/2023:23:35:47 +0100] "GET /tree-data-structure.php HTTP/1.1" 200 1465
::1 - - [31/Mar/2023:23:35:47 +0100] "GET /javascript/binarytree.js HTTP/1.1" 304 -
::1 - - [31/Mar/2023:23:36:09 +0100] "GET /tree-data-structure.php HTTP/1.1" 200 1465
::1 - - [31/Mar/2023:23:36:09 +0100] "GET /javascript/binarytree.js HTTP/1.1" 200 3883
::1 - - [31/Mar/2023:23:36:14 +0100] "GET /tree-data-structure.php HTTP/1.1" 200 1465
::1 - - [31/Mar/2023:23:36:14 +0100] "GET /javascript/binarytree.js HTTP/1.1" 304 -
::1 - - [31/Mar/2023:23:36:16 +0100] "GET /tree-data-structure.php HTTP/1.1" 200 1465
::1 - - [31/Mar/2023:23:36:16 +0100] "GET /javascript/binarytree.js HTTP/1.1" 304 -
::1 - - [31/Mar/2023:23:36:17 +0100] "GET /tree-data-structure.php HTTP/1.1" 200 1465
::1 - - [31/Mar/2023:23:36:17 +0100] "GET /javascript/binarytree.js HTTP/1.1" 304 -
::1 - - [31/Mar/2023:23:36:18 +0100] "GET /tree-data-structure.php HTTP/1.1" 200 1465
::1 - - [31/Mar/2023:23:36:18 +0100] "GET /javascript/binarytree.js HTTP/1.1" 304 -
::1 - - [31/Mar/2023:23:36:20 +0100] "GET /tree-data-structure.php HTTP/1.1" 200 1465
::1 - - [31/Mar/2023:23:36:20 +0100] "GET /javascript/navbar.js HTTP/1.1" 200 469
::1 - - [31/Mar/2023:23:36:20 +0100] "GET /css/tree.css HTTP/1.1" 200 700
::1 - - [31/Mar/2023:23:36:20 +0100] "GET /css/nav.css HTTP/1.1" 200 1389
::1 - - [31/Mar/2023:23:36:20 +0100] "GET /css/sidebar.css HTTP/1.1" 200 624
::1 - - [31/Mar/2023:23:36:20 +0100] "GET /javascript/binarytree.js HTTP/1.1" 200 3883
::1 - - [31/Mar/2023:23:36:21 +0100] "GET /favicon.ico HTTP/1.1" 404 196
::1 - - [31/Mar/2023:23:36:25 +0100] "GET /tree-data-structure.php HTTP/1.1" 200 1465
::1 - - [31/Mar/2023:23:36:25 +0100] "GET /javascript/binarytree.js HTTP/1.1" 304 -
::1 - - [01/Apr/2023:00:00:01 +0100] "GET /tree-data-structure.php HTTP/1.1" 200 1464
::1 - - [01/Apr/2023:00:00:01 +0100] "GET /css/tree.css HTTP/1.1" 304 -
::1 - - [01/Apr/2023:00:00:01 +0100] "GET /javascript/binarytree.js HTTP/1.1" 200 3904
::1 - - [01/Apr/2023:00:00:28 +0100] "GET /tree-data-structure.php HTTP/1.1" 200 1464
::1 - - [01/Apr/2023:00:00:35 +0100] "GET /tree-data-structure.php HTTP/1.1" 200 1464
::1 - - [01/Apr/2023:00:00:35 +0100] "GET /javascript/navbar.js HTTP/1.1" 200 469
::1 - - [01/Apr/2023:00:00:35 +0100] "GET /css/nav.css HTTP/1.1" 200 1389
::1 - - [01/Apr/2023:00:00:35 +0100] "GET /css/sidebar.css HTTP/1.1" 200 624
::1 - - [01/Apr/2023:00:00:35 +0100] "GET /javascript/binarytree.js HTTP/1.1" 200 3904
::1 - - [01/Apr/2023:00:00:35 +0100] "GET /css/tree.css HTTP/1.1" 200 697
::1 - - [01/Apr/2023:00:00:36 +0100] "GET /favicon.ico HTTP/1.1" 404 196
::1 - - [01/Apr/2023:00:01:05 +0100] "GET /tree-data-structure.php HTTP/1.1" 200 1464
::1 - - [01/Apr/2023:00:01:05 +0100] "GET /css/tree.css HTTP/1.1" 200 697
::1 - - [01/Apr/2023:00:03:26 +0100] "GET /tree-data-structure.php HTTP/1.1" 200 1464
::1 - - [01/Apr/2023:00:03:26 +0100] "GET /javascript/binarytree.js HTTP/1.1" 304 -
::1 - - [01/Apr/2023:00:03:26 +0100] "GET /css/tree.css HTTP/1.1" 200 700
::1 - - [01/Apr/2023:00:03:29 +0100] "GET /tree-data-structure.php HTTP/1.1" 200 1464
::1 - - [01/Apr/2023:00:03:29 +0100] "GET /css/tree.css HTTP/1.1" 304 -
::1 - - [01/Apr/2023:00:03:31 +0100] "GET /tree-data-structure.php HTTP/1.1" 200 1464
::1 - - [01/Apr/2023:00:03:31 +0100] "GET /css/tree.css HTTP/1.1" 304 -
::1 - - [01/Apr/2023:00:03:38 +0100] "GET /tree-data-structure.php HTTP/1.1" 200 1464
::1 - - [01/Apr/2023:00:03:39 +0100] "GET /javascript/navbar.js HTTP/1.1" 200 469
::1 - - [01/Apr/2023:00:03:39 +0100] "GET /css/tree.css HTTP/1.1" 200 700
::1 - - [01/Apr/2023:00:03:39 +0100] "GET /css/nav.css HTTP/1.1" 200 1389
::1 - - [01/Apr/2023:00:03:39 +0100] "GET /css/sidebar.css HTTP/1.1" 200 624
::1 - - [01/Apr/2023:00:03:39 +0100] "GET /javascript/binarytree.js HTTP/1.1" 200 3904
::1 - - [01/Apr/2023:00:03:39 +0100] "GET /favicon.ico HTTP/1.1" 404 196
::1 - - [01/Apr/2023:00:05:12 +0100] "GET /tree-data-structure.php HTTP/1.1" 200 1464
::1 - - [01/Apr/2023:00:05:12 +0100] "GET /css/tree.css HTTP/1.1" 304 -
::1 - - [01/Apr/2023:00:05:15 +0100] "GET /tree-data-structure.php HTTP/1.1" 200 1464
::1 - - [01/Apr/2023:00:05:16 +0100] "GET /javascript/navbar.js HTTP/1.1" 200 469
::1 - - [01/Apr/2023:00:05:16 +0100] "GET /css/tree.css HTTP/1.1" 200 700
::1 - - [01/Apr/2023:00:05:16 +0100] "GET /css/nav.css HTTP/1.1" 200 1389
::1 - - [01/Apr/2023:00:05:16 +0100] "GET /css/sidebar.css HTTP/1.1" 200 624
::1 - - [01/Apr/2023:00:05:16 +0100] "GET /javascript/binarytree.js HTTP/1.1" 200 3934
::1 - - [01/Apr/2023:00:05:16 +0100] "GET /favicon.ico HTTP/1.1" 404 196
::1 - - [01/Apr/2023:00:05:28 +0100] "GET /tree-data-structure.php HTTP/1.1" 200 1464
::1 - - [01/Apr/2023:00:05:28 +0100] "GET /css/tree.css HTTP/1.1" 304 -
::1 - - [01/Apr/2023:00:05:28 +0100] "GET /javascript/binarytree.js HTTP/1.1" 304 -
::1 - - [01/Apr/2023:00:05:31 +0100] "GET /tree-data-structure.php HTTP/1.1" 200 1464
::1 - - [01/Apr/2023:00:05:32 +0100] "GET /javascript/navbar.js HTTP/1.1" 200 469
::1 - - [01/Apr/2023:00:05:32 +0100] "GET /css/tree.css HTTP/1.1" 200 700
::1 - - [01/Apr/2023:00:05:32 +0100] "GET /css/sidebar.css HTTP/1.1" 200 624
::1 - - [01/Apr/2023:00:05:32 +0100] "GET /css/nav.css HTTP/1.1" 200 1389
::1 - - [01/Apr/2023:00:05:32 +0100] "GET /javascript/binarytree.js HTTP/1.1" 200 3934
::1 - - [01/Apr/2023:00:05:32 +0100] "GET /favicon.ico HTTP/1.1" 404 196
::1 - - [01/Apr/2023:00:05:53 +0100] "GET /tree-data-structure.php HTTP/1.1" 200 1464
::1 - - [01/Apr/2023:00:05:53 +0100] "GET /css/tree.css HTTP/1.1" 304 -
::1 - - [01/Apr/2023:00:05:53 +0100] "GET /javascript/binarytree.js HTTP/1.1" 200 3928
::1 - - [01/Apr/2023:00:05:57 +0100] "GET /tree-data-structure.php HTTP/1.1" 200 1464
::1 - - [01/Apr/2023:00:05:57 +0100] "GET /javascript/navbar.js HTTP/1.1" 200 469
::1 - - [01/Apr/2023:00:05:57 +0100] "GET /css/tree.css HTTP/1.1" 200 700
::1 - - [01/Apr/2023:00:05:57 +0100] "GET /css/sidebar.css HTTP/1.1" 200 624
::1 - - [01/Apr/2023:00:05:57 +0100] "GET /css/nav.css HTTP/1.1" 200 1389
::1 - - [01/Apr/2023:00:05:57 +0100] "GET /javascript/binarytree.js HTTP/1.1" 200 3928
::1 - - [01/Apr/2023:00:05:58 +0100] "GET /favicon.ico HTTP/1.1" 404 196
::1 - - [01/Apr/2023:00:06:01 +0100] "GET /tree-data-structure.php HTTP/1.1" 200 1464
::1 - - [01/Apr/2023:00:06:01 +0100] "GET /javascript/binarytree.js HTTP/1.1" 304 -
::1 - - [01/Apr/2023:00:06:15 +0100] "GET /tree-data-structure.php HTTP/1.1" 200 1464
::1 - - [01/Apr/2023:00:06:15 +0100] "GET /css/tree.css HTTP/1.1" 304 -
::1 - - [01/Apr/2023:00:06:15 +0100] "GET /javascript/binarytree.js HTTP/1.1" 304 -
::1 - - [01/Apr/2023:00:07:03 +0100] "GET /tree-data-structure.php HTTP/1.1" 200 1464
::1 - - [01/Apr/2023:00:07:03 +0100] "GET /javascript/binarytree.js HTTP/1.1" 304 -
::1 - - [01/Apr/2023:00:07:03 +0100] "GET /css/tree.css HTTP/1.1" 200 682
::1 - - [01/Apr/2023:00:07:08 +0100] "GET /tree-data-structure.php HTTP/1.1" 200 1464
::1 - - [01/Apr/2023:00:07:08 +0100] "GET /css/tree.css HTTP/1.1" 304 -
::1 - - [01/Apr/2023:00:07:11 +0100] "GET /tree-data-structure.php HTTP/1.1" 200 1464
::1 - - [01/Apr/2023:00:07:11 +0100] "GET /css/tree.css HTTP/1.1" 304 -
::1 - - [01/Apr/2023:00:07:11 +0100] "GET /javascript/binarytree.js HTTP/1.1" 304 -
::1 - - [01/Apr/2023:00:07:24 +0100] "GET /tree-data-structure.php HTTP/1.1" 200 1464
::1 - - [01/Apr/2023:00:07:25 +0100] "GET /css/tree.css HTTP/1.1" 304 -
::1 - - [01/Apr/2023:00:07:25 +0100] "GET /javascript/binarytree.js HTTP/1.1" 304 -
::1 - - [01/Apr/2023:00:07:29 +0100] "GET /tree-data-structure.php HTTP/1.1" 200 1464
::1 - - [01/Apr/2023:00:07:29 +0100] "GET /css/tree.css HTTP/1.1" 304 -
::1 - - [01/Apr/2023:00:07:36 +0100] "GET /tree-data-structure.php HTTP/1.1" 200 1464
::1 - - [01/Apr/2023:00:07:36 +0100] "GET /css/tree.css HTTP/1.1" 304 -
::1 - - [01/Apr/2023:00:07:36 +0100] "GET /javascript/binarytree.js HTTP/1.1" 304 -
::1 - - [01/Apr/2023:00:11:46 +0100] "GET /tree-data-structure.php HTTP/1.1" 200 1464
::1 - - [01/Apr/2023:00:11:46 +0100] "GET /css/tree.css HTTP/1.1" 304 -
::1 - - [01/Apr/2023:00:11:46 +0100] "GET /javascript/binarytree.js HTTP/1.1" 304 -
::1 - - [01/Apr/2023:00:11:49 +0100] "GET /tree-data-structure.php HTTP/1.1" 200 1464
::1 - - [01/Apr/2023:00:11:52 +0100] "GET /tree-data-structure.php HTTP/1.1" 200 1464
::1 - - [01/Apr/2023:00:12:15 +0100] "GET /tree-data-structure.php HTTP/1.1" 200 1464
::1 - - [01/Apr/2023:00:12:15 +0100] "GET /css/tree.css HTTP/1.1" 304 -
::1 - - [01/Apr/2023:00:12:20 +0100] "GET /tree-data-structure.php HTTP/1.1" 200 1464
::1 - - [01/Apr/2023:00:12:23 +0100] "GET /tree-data-structure.php HTTP/1.1" 200 1464
::1 - - [01/Apr/2023:00:12:23 +0100] "GET /javascript/navbar.js HTTP/1.1" 200 469
::1 - - [01/Apr/2023:00:12:23 +0100] "GET /css/tree.css HTTP/1.1" 200 682
::1 - - [01/Apr/2023:00:12:23 +0100] "GET /css/nav.css HTTP/1.1" 200 1389
::1 - - [01/Apr/2023:00:12:23 +0100] "GET /css/sidebar.css HTTP/1.1" 200 624
::1 - - [01/Apr/2023:00:12:23 +0100] "GET /javascript/binarytree.js HTTP/1.1" 200 3927
::1 - - [01/Apr/2023:00:12:24 +0100] "GET /favicon.ico HTTP/1.1" 404 196
::1 - - [01/Apr/2023:00:12:25 +0100] "GET /tree-data-structure.php HTTP/1.1" 200 1464
::1 - - [01/Apr/2023:00:12:26 +0100] "GET /javascript/binarytree.js HTTP/1.1" 304 -
::1 - - [01/Apr/2023:00:12:28 +0100] "GET /tree-data-structure.php HTTP/1.1" 200 1464
::1 - - [01/Apr/2023:00:12:28 +0100] "GET /javascript/binarytree.js HTTP/1.1" 304 -
::1 - - [01/Apr/2023:00:12:31 +0100] "GET /tree-data-structure.php HTTP/1.1" 200 1464
::1 - - [01/Apr/2023:00:12:31 +0100] "GET /javascript/binarytree.js HTTP/1.1" 304 -
::1 - - [01/Apr/2023:00:12:38 +0100] "GET /tree-data-structure.php HTTP/1.1" 200 1464
::1 - - [01/Apr/2023:00:12:38 +0100] "GET /javascript/binarytree.js HTTP/1.1" 304 -
::1 - - [01/Apr/2023:00:12:43 +0100] "GET /tree-data-structure.php HTTP/1.1" 200 1464
::1 - - [01/Apr/2023:00:12:43 +0100] "GET /javascript/binarytree.js HTTP/1.1" 304 -
::1 - - [01/Apr/2023:00:12:45 +0100] "GET /tree-data-structure.php HTTP/1.1" 200 1464
::1 - - [01/Apr/2023:00:12:50 +0100] "GET /tree-data-structure.php HTTP/1.1" 200 1464
::1 - - [01/Apr/2023:00:12:50 +0100] "GET /javascript/binarytree.js HTTP/1.1" 304 -
::1 - - [01/Apr/2023:00:12:59 +0100] "GET /tree-data-structure.php HTTP/1.1" 200 1464
::1 - - [01/Apr/2023:00:12:59 +0100] "GET /css/tree.css HTTP/1.1" 304 -
::1 - - [01/Apr/2023:00:12:59 +0100] "GET /javascript/binarytree.js HTTP/1.1" 304 -
::1 - - [01/Apr/2023:00:13:43 +0100] "GET /tree-data-structure.php HTTP/1.1" 200 1464
::1 - - [01/Apr/2023:00:13:43 +0100] "GET /css/tree.css HTTP/1.1" 304 -
::1 - - [01/Apr/2023:00:13:43 +0100] "GET /javascript/binarytree.js HTTP/1.1" 200 3927
::1 - - [01/Apr/2023:00:13:45 +0100] "GET /tree-data-structure.php HTTP/1.1" 200 1464
::1 - - [01/Apr/2023:00:13:45 +0100] "GET /javascript/binarytree.js HTTP/1.1" 304 -
::1 - - [01/Apr/2023:00:13:48 +0100] "GET /tree-data-structure.php HTTP/1.1" 200 1464
::1 - - [01/Apr/2023:00:13:48 +0100] "GET /javascript/binarytree.js HTTP/1.1" 304 -
::1 - - [01/Apr/2023:00:13:51 +0100] "GET /tree-data-structure.php HTTP/1.1" 200 1464
::1 - - [01/Apr/2023:00:13:51 +0100] "GET /javascript/binarytree.js HTTP/1.1" 304 -
::1 - - [01/Apr/2023:00:13:54 +0100] "GET /tree-data-structure.php HTTP/1.1" 200 1464
::1 - - [01/Apr/2023:00:13:54 +0100] "GET /javascript/binarytree.js HTTP/1.1" 304 -
::1 - - [01/Apr/2023:00:13:57 +0100] "GET /tree-data-structure.php HTTP/1.1" 200 1464
::1 - - [01/Apr/2023:00:13:57 +0100] "GET /javascript/navbar.js HTTP/1.1" 200 469
::1 - - [01/Apr/2023:00:13:57 +0100] "GET /css/tree.css HTTP/1.1" 200 682
::1 - - [01/Apr/2023:00:13:57 +0100] "GET /css/nav.css HTTP/1.1" 200 1389
::1 - - [01/Apr/2023:00:13:57 +0100] "GET /css/sidebar.css HTTP/1.1" 200 624
::1 - - [01/Apr/2023:00:13:57 +0100] "GET /javascript/binarytree.js HTTP/1.1" 200 3927
::1 - - [01/Apr/2023:00:13:58 +0100] "GET /favicon.ico HTTP/1.1" 404 196
::1 - - [01/Apr/2023:00:14:00 +0100] "GET /tree-data-structure.php HTTP/1.1" 200 1464
::1 - - [01/Apr/2023:00:14:00 +0100] "GET /javascript/binarytree.js HTTP/1.1" 304 -
::1 - - [01/Apr/2023:00:14:03 +0100] "GET /tree-data-structure.php HTTP/1.1" 200 1464
::1 - - [01/Apr/2023:00:14:03 +0100] "GET /javascript/binarytree.js HTTP/1.1" 304 -
::1 - - [01/Apr/2023:00:14:13 +0100] "GET /tree-data-structure.php HTTP/1.1" 200 1464
::1 - - [01/Apr/2023:00:14:13 +0100] "GET /javascript/binarytree.js HTTP/1.1" 304 -
::1 - - [01/Apr/2023:00:14:17 +0100] "GET /tree-data-structure.php HTTP/1.1" 200 1464
::1 - - [01/Apr/2023:00:14:17 +0100] "GET /javascript/binarytree.js HTTP/1.1" 304 -
::1 - - [01/Apr/2023:00:14:19 +0100] "GET /tree-data-structure.php HTTP/1.1" 200 1464
::1 - - [01/Apr/2023:00:14:23 +0100] "GET /tree-data-structure.php HTTP/1.1" 200 1464
::1 - - [01/Apr/2023:00:14:23 +0100] "GET /javascript/binarytree.js HTTP/1.1" 304 -
::1 - - [01/Apr/2023:00:14:38 +0100] "GET /tree-data-structure.php HTTP/1.1" 200 1464
::1 - - [01/Apr/2023:00:14:38 +0100] "GET /css/tree.css HTTP/1.1" 304 -
::1 - - [01/Apr/2023:00:14:38 +0100] "GET /javascript/binarytree.js HTTP/1.1" 200 3903
::1 - - [01/Apr/2023:00:14:41 +0100] "GET /tree-data-structure.php HTTP/1.1" 200 1464
::1 - - [01/Apr/2023:00:14:41 +0100] "GET /javascript/binarytree.js HTTP/1.1" 304 -
::1 - - [01/Apr/2023:00:14:46 +0100] "GET /tree-data-structure.php HTTP/1.1" 200 1464
::1 - - [01/Apr/2023:00:14:46 +0100] "GET /javascript/binarytree.js HTTP/1.1" 304 -
::1 - - [01/Apr/2023:00:15:07 +0100] "GET /tree-data-structure.php HTTP/1.1" 200 1464
::1 - - [01/Apr/2023:00:15:08 +0100] "GET /javascript/binarytree.js HTTP/1.1" 304 -
::1 - - [01/Apr/2023:00:16:07 +0100] "-" 408 -
::1 - - [01/Apr/2023:00:16:21 +0100] "GET /tree-data-structure.php HTTP/1.1" 200 1464
::1 - - [01/Apr/2023:00:16:21 +0100] "GET /css/tree.css HTTP/1.1" 304 -
::1 - - [01/Apr/2023:00:16:21 +0100] "GET /javascript/binarytree.js HTTP/1.1" 200 3927
::1 - - [01/Apr/2023:00:16:24 +0100] "GET /tree-data-structure.php HTTP/1.1" 200 1464
::1 - - [01/Apr/2023:00:16:24 +0100] "GET /javascript/binarytree.js HTTP/1.1" 304 -
::1 - - [01/Apr/2023:00:17:04 +0100] "GET /tree-data-structure.php HTTP/1.1" 200 1464
::1 - - [01/Apr/2023:00:17:04 +0100] "GET /javascript/binarytree.js HTTP/1.1" 200 3932
::1 - - [01/Apr/2023:00:17:07 +0100] "GET /tree-data-structure.php HTTP/1.1" 200 1464
::1 - - [01/Apr/2023:00:17:07 +0100] "GET /javascript/binarytree.js HTTP/1.1" 304 -
::1 - - [01/Apr/2023:00:17:11 +0100] "GET /tree-data-structure.php HTTP/1.1" 200 1464
::1 - - [01/Apr/2023:00:17:11 +0100] "GET /javascript/navbar.js HTTP/1.1" 200 469
::1 - - [01/Apr/2023:00:17:11 +0100] "GET /css/tree.css HTTP/1.1" 200 682
::1 - - [01/Apr/2023:00:17:11 +0100] "GET /css/nav.css HTTP/1.1" 200 1389
::1 - - [01/Apr/2023:00:17:11 +0100] "GET /javascript/binarytree.js HTTP/1.1" 200 3932
::1 - - [01/Apr/2023:00:17:11 +0100] "GET /css/sidebar.css HTTP/1.1" 200 624
::1 - - [01/Apr/2023:00:17:12 +0100] "GET /favicon.ico HTTP/1.1" 404 196
::1 - - [01/Apr/2023:00:17:15 +0100] "GET /tree-data-structure.php HTTP/1.1" 200 1464
::1 - - [01/Apr/2023:00:17:15 +0100] "GET /javascript/binarytree.js HTTP/1.1" 304 -
::1 - - [01/Apr/2023:00:17:18 +0100] "GET /tree-data-structure.php HTTP/1.1" 200 1464
::1 - - [01/Apr/2023:00:17:18 +0100] "GET /javascript/binarytree.js HTTP/1.1" 304 -
::1 - - [01/Apr/2023:00:17:25 +0100] "GET /tree-data-structure.php HTTP/1.1" 200 1464
::1 - - [01/Apr/2023:00:17:25 +0100] "GET /javascript/binarytree.js HTTP/1.1" 304 -
::1 - - [01/Apr/2023:00:18:07 +0100] "GET /tree-data-structure.php HTTP/1.1" 200 1464
::1 - - [01/Apr/2023:00:18:07 +0100] "GET /javascript/binarytree.js HTTP/1.1" 200 3929
::1 - - [01/Apr/2023:00:18:10 +0100] "GET /tree-data-structure.php HTTP/1.1" 200 1464
::1 - - [01/Apr/2023:00:18:10 +0100] "GET /javascript/binarytree.js HTTP/1.1" 304 -
::1 - - [01/Apr/2023:00:18:14 +0100] "GET /tree-data-structure.php HTTP/1.1" 200 1464
::1 - - [01/Apr/2023:00:18:14 +0100] "GET /css/tree.css HTTP/1.1" 304 -
::1 - - [01/Apr/2023:00:18:14 +0100] "GET /javascript/binarytree.js HTTP/1.1" 304 -
::1 - - [01/Apr/2023:00:18:17 +0100] "GET /tree-data-structure.php HTTP/1.1" 200 1464
::1 - - [01/Apr/2023:00:18:17 +0100] "GET /javascript/navbar.js HTTP/1.1" 200 469
::1 - - [01/Apr/2023:00:18:17 +0100] "GET /css/tree.css HTTP/1.1" 200 682
::1 - - [01/Apr/2023:00:18:17 +0100] "GET /css/nav.css HTTP/1.1" 200 1389
::1 - - [01/Apr/2023:00:18:17 +0100] "GET /css/sidebar.css HTTP/1.1" 200 624
::1 - - [01/Apr/2023:00:18:17 +0100] "GET /javascript/binarytree.js HTTP/1.1" 200 3929
::1 - - [01/Apr/2023:00:18:18 +0100] "GET /favicon.ico HTTP/1.1" 404 196
::1 - - [01/Apr/2023:00:18:25 +0100] "GET /tree-data-structure.php HTTP/1.1" 200 1464
::1 - - [01/Apr/2023:00:18:25 +0100] "GET /javascript/binarytree.js HTTP/1.1" 304 -
::1 - - [01/Apr/2023:00:18:28 +0100] "GET /tree-data-structure.php HTTP/1.1" 200 1464
::1 - - [01/Apr/2023:00:18:28 +0100] "GET /javascript/binarytree.js HTTP/1.1" 304 -
::1 - - [01/Apr/2023:00:18:31 +0100] "GET /tree-data-structure.php HTTP/1.1" 200 1464
::1 - - [01/Apr/2023:00:18:31 +0100] "GET /javascript/binarytree.js HTTP/1.1" 304 -
