200503 20:41:35 [Note] Plugin 'FEDERATED' is disabled.
200503 20:41:35 InnoDB: The InnoDB memory heap is disabled
200503 20:41:35 InnoDB: Mutexes and rw_locks use Windows interlocked functions
200503 20:41:35 InnoDB: Compressed tables use zlib 1.2.3
200503 20:41:35 InnoDB: Initializing buffer pool, size = 128.0M
200503 20:41:36 InnoDB: Completed initialization of buffer pool
200503 20:41:36 InnoDB: highest supported file format is Barracuda.
InnoDB: The log sequence number in ibdata files does not match
InnoDB: the log sequence number in the ib_logfiles!
200503 20:41:36  InnoDB: Database was not shut down normally!
InnoDB: Starting crash recovery.
InnoDB: Reading tablespace information from the .ibd files...
InnoDB: Restoring possible half-written data pages from the doublewrite
InnoDB: buffer...
200503 20:41:37  InnoDB: Waiting for the background threads to start
200503 20:41:38 InnoDB: 1.1.8 started; log sequence number 1805878
200503 20:43:44 [Note] Plugin 'FEDERATED' is disabled.
200503 20:43:44 InnoDB: The InnoDB memory heap is disabled
200503 20:43:44 InnoDB: Mutexes and rw_locks use Windows interlocked functions
200503 20:43:44 InnoDB: Compressed tables use zlib 1.2.3
200503 20:43:44 InnoDB: Initializing buffer pool, size = 128.0M
200503 20:43:44 InnoDB: Completed initialization of buffer pool
200503 20:43:44 InnoDB: highest supported file format is Barracuda.
InnoDB: The log sequence number in ibdata files does not match
InnoDB: the log sequence number in the ib_logfiles!
200503 20:43:44  InnoDB: Database was not shut down normally!
InnoDB: Starting crash recovery.
InnoDB: Reading tablespace information from the .ibd files...
InnoDB: Restoring possible half-written data pages from the doublewrite
InnoDB: buffer...
200503 20:43:45  InnoDB: Waiting for the background threads to start
200503 20:43:46 InnoDB: 1.1.8 started; log sequence number 1805878
200503 20:43:46 [Note] Event Scheduler: Loaded 0 events
200503 20:43:46 [Note] E:\Roshan-Magan-U27-A2\USBWebserver v8.5\8.5/mysql/bin/mysqld_usbwv8.exe: ready for connections.
Version: '5.5.20'  socket: ''  port: 3307  MySQL Community Server (GPL)
200503 20:44:00 [Note] Plugin 'FEDERATED' is disabled.
200503 20:44:00 InnoDB: The InnoDB memory heap is disabled
200503 20:44:00 InnoDB: Mutexes and rw_locks use Windows interlocked functions
200503 20:44:00 InnoDB: Compressed tables use zlib 1.2.3
200503 20:44:00 InnoDB: Initializing buffer pool, size = 128.0M
200503 20:44:00 InnoDB: Completed initialization of buffer pool
200503 20:44:00 InnoDB: highest supported file format is Barracuda.
InnoDB: The log sequence number in ibdata files does not match
InnoDB: the log sequence number in the ib_logfiles!
200503 20:44:00  InnoDB: Database was not shut down normally!
InnoDB: Starting crash recovery.
InnoDB: Reading tablespace information from the .ibd files...
InnoDB: Restoring possible half-written data pages from the doublewrite
InnoDB: buffer...
200503 20:44:01  InnoDB: Waiting for the background threads to start
200503 20:44:02 InnoDB: 1.1.8 started; log sequence number 1805878
