200317 12:37:46 [Note] Plugin 'FEDERATED' is disabled.
200317 12:37:46 InnoDB: The InnoDB memory heap is disabled
200317 12:37:46 InnoDB: Mutexes and rw_locks use Windows interlocked functions
200317 12:37:46 InnoDB: Compressed tables use zlib 1.2.3
200317 12:37:46 InnoDB: Initializing buffer pool, size = 128.0M
200317 12:37:46 InnoDB: Completed initialization of buffer pool
200317 12:37:46 InnoDB: highest supported file format is Barracuda.
InnoDB: The log sequence number in ibdata files does not match
InnoDB: the log sequence number in the ib_logfiles!
200317 12:37:46  InnoDB: Database was not shut down normally!
InnoDB: Starting crash recovery.
InnoDB: Reading tablespace information from the .ibd files...
InnoDB: Restoring possible half-written data pages from the doublewrite
InnoDB: buffer...
200317 12:37:48  InnoDB: Waiting for the background threads to start
200317 12:37:49 InnoDB: 1.1.8 started; log sequence number 1747544
200317 12:42:27 [Note] Plugin 'FEDERATED' is disabled.
200317 12:42:27 InnoDB: The InnoDB memory heap is disabled
200317 12:42:27 InnoDB: Mutexes and rw_locks use Windows interlocked functions
200317 12:42:27 InnoDB: Compressed tables use zlib 1.2.3
200317 12:42:27 InnoDB: Initializing buffer pool, size = 128.0M
200317 12:42:27 InnoDB: Completed initialization of buffer pool
200317 12:42:27 InnoDB: highest supported file format is Barracuda.
InnoDB: The log sequence number in ibdata files does not match
InnoDB: the log sequence number in the ib_logfiles!
200317 12:42:27  InnoDB: Database was not shut down normally!
InnoDB: Starting crash recovery.
InnoDB: Reading tablespace information from the .ibd files...
InnoDB: Restoring possible half-written data pages from the doublewrite
InnoDB: buffer...
200317 12:42:28  InnoDB: Waiting for the background threads to start
200317 12:42:29 InnoDB: 1.1.8 started; log sequence number 1747554
