190912 13:38:15 [Note] Plugin 'FEDERATED' is disabled.
190912 13:38:15 InnoDB: The InnoDB memory heap is disabled
190912 13:38:15 InnoDB: Mutexes and rw_locks use Windows interlocked functions
190912 13:38:15 InnoDB: Compressed tables use zlib 1.2.3
190912 13:38:15 InnoDB: Initializing buffer pool, size = 128.0M
190912 13:38:15 InnoDB: Completed initialization of buffer pool
190912 13:38:15 InnoDB: highest supported file format is Barracuda.
InnoDB: The log sequence number in ibdata files does not match
InnoDB: the log sequence number in the ib_logfiles!
190912 13:38:15  InnoDB: Database was not shut down normally!
InnoDB: Starting crash recovery.
InnoDB: Reading tablespace information from the .ibd files...
InnoDB: Restoring possible half-written data pages from the doublewrite
InnoDB: buffer...
190912 13:38:20  InnoDB: Waiting for the background threads to start
190912 13:38:21 InnoDB: 1.1.8 started; log sequence number 1633499
190912 13:38:24 [Note] Event Scheduler: Loaded 0 events
190912 13:38:24 [Note] Z:\unit - 27\USBWebserver v8.5\8.5/mysql/bin/mysqld_usbwv8.exe: ready for connections.
Version: '5.5.20'  socket: ''  port: 3307  MySQL Community Server (GPL)
190912 13:51:01 [Note] Plugin 'FEDERATED' is disabled.
190912 13:51:01 InnoDB: The InnoDB memory heap is disabled
190912 13:51:01 InnoDB: Mutexes and rw_locks use Windows interlocked functions
190912 13:51:01 InnoDB: Compressed tables use zlib 1.2.3
190912 13:51:01 InnoDB: Initializing buffer pool, size = 128.0M
190912 13:51:01 InnoDB: Completed initialization of buffer pool
190912 13:51:01 InnoDB: highest supported file format is Barracuda.
InnoDB: The log sequence number in ibdata files does not match
InnoDB: the log sequence number in the ib_logfiles!
190912 13:51:01  InnoDB: Database was not shut down normally!
InnoDB: Starting crash recovery.
InnoDB: Reading tablespace information from the .ibd files...
InnoDB: Restoring possible half-written data pages from the doublewrite
InnoDB: buffer...
190912 13:51:04  InnoDB: Waiting for the background threads to start
190912 13:51:05 InnoDB: 1.1.8 started; log sequence number 1633499
