191010  9:56:12 [Note] Plugin 'FEDERATED' is disabled.
191010  9:56:12 InnoDB: The InnoDB memory heap is disabled
191010  9:56:12 InnoDB: Mutexes and rw_locks use Windows interlocked functions
191010  9:56:12 InnoDB: Compressed tables use zlib 1.2.3
191010  9:56:12 InnoDB: Initializing buffer pool, size = 128.0M
191010  9:56:12 InnoDB: Completed initialization of buffer pool
191010  9:56:13 InnoDB: highest supported file format is Barracuda.
InnoDB: The log sequence number in ibdata files does not match
InnoDB: the log sequence number in the ib_logfiles!
191010  9:56:13  InnoDB: Database was not shut down normally!
InnoDB: Starting crash recovery.
InnoDB: Reading tablespace information from the .ibd files...
InnoDB: Restoring possible half-written data pages from the doublewrite
InnoDB: buffer...
191010  9:56:13  InnoDB: Waiting for the background threads to start
191010  9:56:14 InnoDB: 1.1.8 started; log sequence number 1633499
200206 10:07:20 [Note] Plugin 'FEDERATED' is disabled.
200206 10:07:20 InnoDB: The InnoDB memory heap is disabled
200206 10:07:20 InnoDB: Mutexes and rw_locks use Windows interlocked functions
200206 10:07:20 InnoDB: Compressed tables use zlib 1.2.3
200206 10:07:20 InnoDB: Initializing buffer pool, size = 128.0M
200206 10:07:20 InnoDB: Completed initialization of buffer pool
200206 10:07:20 InnoDB: highest supported file format is Barracuda.
InnoDB: The log sequence number in ibdata files does not match
InnoDB: the log sequence number in the ib_logfiles!
200206 10:07:20  InnoDB: Database was not shut down normally!
InnoDB: Starting crash recovery.
InnoDB: Reading tablespace information from the .ibd files...
InnoDB: Restoring possible half-written data pages from the doublewrite
InnoDB: buffer...
200206 10:07:30 [Note] Plugin 'FEDERATED' is disabled.
200206 10:07:30 InnoDB: The InnoDB memory heap is disabled
200206 10:07:30 InnoDB: Mutexes and rw_locks use Windows interlocked functions
200206 10:07:30 InnoDB: Compressed tables use zlib 1.2.3
200206 10:07:30 InnoDB: Initializing buffer pool, size = 128.0M
200206 10:07:30 InnoDB: Completed initialization of buffer pool
200206 10:07:30 InnoDB: highest supported file format is Barracuda.
InnoDB: The log sequence number in ibdata files does not match
InnoDB: the log sequence number in the ib_logfiles!
200206 10:07:30  InnoDB: Database was not shut down normally!
InnoDB: Starting crash recovery.
InnoDB: Reading tablespace information from the .ibd files...
InnoDB: Restoring possible half-written data pages from the doublewrite
InnoDB: buffer...
200206 10:07:31  InnoDB: Waiting for the background threads to start
200206 10:07:32 InnoDB: 1.1.8 started; log sequence number 1680251
200225 13:27:42 [Note] Plugin 'FEDERATED' is disabled.
200225 13:27:42 InnoDB: The InnoDB memory heap is disabled
200225 13:27:42 InnoDB: Mutexes and rw_locks use Windows interlocked functions
200225 13:27:42 InnoDB: Compressed tables use zlib 1.2.3
200225 13:27:42 InnoDB: Initializing buffer pool, size = 128.0M
200225 13:27:42 InnoDB: Completed initialization of buffer pool
200225 13:27:42 InnoDB: highest supported file format is Barracuda.
InnoDB: The log sequence number in ibdata files does not match
InnoDB: the log sequence number in the ib_logfiles!
200225 13:27:43  InnoDB: Database was not shut down normally!
InnoDB: Starting crash recovery.
InnoDB: Reading tablespace information from the .ibd files...
InnoDB: Restoring possible half-written data pages from the doublewrite
InnoDB: buffer...
200225 13:27:43  InnoDB: Waiting for the background threads to start
200225 13:27:44 InnoDB: 1.1.8 started; log sequence number 1730433
