200127 16:12:51 [Note] Plugin 'FEDERATED' is disabled.
200127 16:12:51 InnoDB: The InnoDB memory heap is disabled
200127 16:12:51 InnoDB: Mutexes and rw_locks use Windows interlocked functions
200127 16:12:51 InnoDB: Compressed tables use zlib 1.2.3
200127 16:12:51 InnoDB: Initializing buffer pool, size = 128.0M
200127 16:12:51 InnoDB: Completed initialization of buffer pool
200127 16:12:51 InnoDB: highest supported file format is Barracuda.
InnoDB: The log sequence number in ibdata files does not match
InnoDB: the log sequence number in the ib_logfiles!
200127 16:12:51  InnoDB: Database was not shut down normally!
InnoDB: Starting crash recovery.
InnoDB: Reading tablespace information from the .ibd files...
InnoDB: Restoring possible half-written data pages from the doublewrite
InnoDB: buffer...
200127 16:12:52  InnoDB: Waiting for the background threads to start
200127 16:12:53 InnoDB: 1.1.8 started; log sequence number 1662199
200127 16:12:54 [Note] Event Scheduler: Loaded 0 events
200127 16:12:54 [Note] D:\unit 27\USBWebserver v8.5\8.5/mysql/bin/mysqld_usbwv8.exe: ready for connections.
Version: '5.5.20'  socket: ''  port: 3307  MySQL Community Server (GPL)
200210 16:28:03 [Note] Plugin 'FEDERATED' is disabled.
200210 16:28:03 InnoDB: The InnoDB memory heap is disabled
200210 16:28:03 InnoDB: Mutexes and rw_locks use Windows interlocked functions
200210 16:28:03 InnoDB: Compressed tables use zlib 1.2.3
200210 16:28:03 InnoDB: Initializing buffer pool, size = 128.0M
200210 16:28:03 InnoDB: Completed initialization of buffer pool
200210 16:28:03 InnoDB: highest supported file format is Barracuda.
InnoDB: The log sequence number in ibdata files does not match
InnoDB: the log sequence number in the ib_logfiles!
200210 16:28:03  InnoDB: Database was not shut down normally!
InnoDB: Starting crash recovery.
InnoDB: Reading tablespace information from the .ibd files...
InnoDB: Restoring possible half-written data pages from the doublewrite
InnoDB: buffer...
200210 16:28:04  InnoDB: Waiting for the background threads to start
200210 16:28:05 InnoDB: 1.1.8 started; log sequence number 1681340
200224 16:48:15 [Note] Plugin 'FEDERATED' is disabled.
200224 16:48:15 InnoDB: The InnoDB memory heap is disabled
200224 16:48:15 InnoDB: Mutexes and rw_locks use Windows interlocked functions
200224 16:48:15 InnoDB: Compressed tables use zlib 1.2.3
200224 16:48:15 InnoDB: Initializing buffer pool, size = 128.0M
200224 16:48:15 InnoDB: Completed initialization of buffer pool
200224 16:48:15 InnoDB: highest supported file format is Barracuda.
InnoDB: The log sequence number in ibdata files does not match
InnoDB: the log sequence number in the ib_logfiles!
200224 16:48:15  InnoDB: Database was not shut down normally!
InnoDB: Starting crash recovery.
InnoDB: Reading tablespace information from the .ibd files...
InnoDB: Restoring possible half-written data pages from the doublewrite
InnoDB: buffer...
200224 16:48:16  InnoDB: Waiting for the background threads to start
200224 16:48:17 InnoDB: 1.1.8 started; log sequence number 1730423
200316 15:56:46 [Note] Plugin 'FEDERATED' is disabled.
200316 15:56:47 InnoDB: The InnoDB memory heap is disabled
200316 15:56:47 InnoDB: Mutexes and rw_locks use Windows interlocked functions
200316 15:56:47 InnoDB: Compressed tables use zlib 1.2.3
200316 15:56:47 InnoDB: Initializing buffer pool, size = 128.0M
200316 15:56:47 InnoDB: Completed initialization of buffer pool
200316 15:56:47 InnoDB: highest supported file format is Barracuda.
InnoDB: The log sequence number in ibdata files does not match
InnoDB: the log sequence number in the ib_logfiles!
200316 15:56:47  InnoDB: Database was not shut down normally!
InnoDB: Starting crash recovery.
InnoDB: Reading tablespace information from the .ibd files...
InnoDB: Restoring possible half-written data pages from the doublewrite
InnoDB: buffer...
200316 15:56:48  InnoDB: Waiting for the background threads to start
200316 15:56:49 InnoDB: 1.1.8 started; log sequence number 1741998
