200210 22:38:48 [Note] Plugin 'FEDERATED' is disabled.
200210 22:38:49 InnoDB: The InnoDB memory heap is disabled
200210 22:38:49 InnoDB: Mutexes and rw_locks use Windows interlocked functions
200210 22:38:49 InnoDB: Compressed tables use zlib 1.2.3
200210 22:38:49 InnoDB: Initializing buffer pool, size = 128.0M
200210 22:38:49 InnoDB: Completed initialization of buffer pool
200210 22:38:49 InnoDB: highest supported file format is Barracuda.
InnoDB: The log sequence number in ibdata files does not match
InnoDB: the log sequence number in the ib_logfiles!
200210 22:38:49  InnoDB: Database was not shut down normally!
InnoDB: Starting crash recovery.
InnoDB: Reading tablespace information from the .ibd files...
InnoDB: Restoring possible half-written data pages from the doublewrite
InnoDB: buffer...
200210 22:38:49  InnoDB: Waiting for the background threads to start
200210 22:38:50 InnoDB: 1.1.8 started; log sequence number 1694244
200210 22:38:52 [Note] Event Scheduler: Loaded 0 events
200210 22:38:52 [Note] D:\unit 27\USBWebserver v8.5\8.5/mysql/bin/mysqld_usbwv8.exe: ready for connections.
Version: '5.5.20'  socket: ''  port: 3307  MySQL Community Server (GPL)
200324 18:26:41 [Note] Plugin 'FEDERATED' is disabled.
200324 18:26:41 InnoDB: The InnoDB memory heap is disabled
200324 18:26:41 InnoDB: Mutexes and rw_locks use Windows interlocked functions
200324 18:26:41 InnoDB: Compressed tables use zlib 1.2.3
200324 18:26:41 InnoDB: Initializing buffer pool, size = 128.0M
200324 18:26:41 InnoDB: Completed initialization of buffer pool
200324 18:26:41 InnoDB: highest supported file format is Barracuda.
InnoDB: The log sequence number in ibdata files does not match
InnoDB: the log sequence number in the ib_logfiles!
200324 18:26:41  InnoDB: Database was not shut down normally!
InnoDB: Starting crash recovery.
InnoDB: Reading tablespace information from the .ibd files...
InnoDB: Restoring possible half-written data pages from the doublewrite
InnoDB: buffer...
200324 18:26:42  InnoDB: Waiting for the background threads to start
200324 18:26:43 InnoDB: 1.1.8 started; log sequence number 1805656
