150225  8:40:17 [Note] Plugin 'FEDERATED' is disabled.
150225  8:40:17 InnoDB: The InnoDB memory heap is disabled
150225  8:40:17 InnoDB: Mutexes and rw_locks use Windows interlocked functions
150225  8:40:17 InnoDB: Compressed tables use zlib 1.2.3
150225  8:40:17 InnoDB: Initializing buffer pool, size = 128.0M
150225  8:40:17 InnoDB: Completed initialization of buffer pool
InnoDB: The first specified data file C:\Users\DBrown\Desktop\USBWebserver v8.5\8.5\mysql\data\ibdata1 did not exist:
InnoDB: a new database to be created!
150225  8:40:17  InnoDB: Setting file C:\Users\DBrown\Desktop\USBWebserver v8.5\8.5\mysql\data\ibdata1 size to 10 MB
InnoDB: Database physically writes the file full: wait...
150225  8:40:17  InnoDB: Log file C:\Users\DBrown\Desktop\USBWebserver v8.5\8.5\mysql\data\ib_logfile0 did not exist: new to be created
InnoDB: Setting log file C:\Users\DBrown\Desktop\USBWebserver v8.5\8.5\mysql\data\ib_logfile0 size to 5 MB
InnoDB: Database physically writes the file full: wait...
150225  8:40:17  InnoDB: Log file C:\Users\DBrown\Desktop\USBWebserver v8.5\8.5\mysql\data\ib_logfile1 did not exist: new to be created
InnoDB: Setting log file C:\Users\DBrown\Desktop\USBWebserver v8.5\8.5\mysql\data\ib_logfile1 size to 5 MB
InnoDB: Database physically writes the file full: wait...
InnoDB: Doublewrite buffer not found: creating new
InnoDB: Doublewrite buffer created
InnoDB: 127 rollback segment(s) active.
InnoDB: Creating foreign key constraint system tables
InnoDB: Foreign key constraint system tables created
150225  8:40:18  InnoDB: Waiting for the background threads to start
150225  8:40:19 InnoDB: 1.1.8 started; log sequence number 0
150225  8:40:19 [Note] Event Scheduler: Loaded 0 events
150225  8:40:19 [Note] C:\Users\DBrown\Desktop\USBWebserver v8.5\8.5/mysql/bin/mysqld_usbwv8.exe: ready for connections.
Version: '5.5.20'  socket: ''  port: 3307  MySQL Community Server (GPL)
151002 16:47:27 [Note] Plugin 'FEDERATED' is disabled.
151002 16:47:28 InnoDB: The InnoDB memory heap is disabled
151002 16:47:28 InnoDB: Mutexes and rw_locks use Windows interlocked functions
151002 16:47:28 InnoDB: Compressed tables use zlib 1.2.3
151002 16:47:28 InnoDB: Initializing buffer pool, size = 128.0M
151002 16:47:28 InnoDB: Completed initialization of buffer pool
151002 16:47:29 InnoDB: highest supported file format is Barracuda.
InnoDB: The log sequence number in ibdata files does not match
InnoDB: the log sequence number in the ib_logfiles!
151002 16:47:29  InnoDB: Database was not shut down normally!
InnoDB: Starting crash recovery.
InnoDB: Reading tablespace information from the .ibd files...
InnoDB: Restoring possible half-written data pages from the doublewrite
InnoDB: buffer...
151002 16:47:32  InnoDB: Waiting for the background threads to start
151002 16:47:33 InnoDB: 1.1.8 started; log sequence number 1595675
151002 16:47:35 [Note] Event Scheduler: Loaded 0 events
151002 16:47:35 [Note] E:\U27\USBWebserver v8.5\8.5/mysql/bin/mysqld_usbwv8.exe: ready for connections.
Version: '5.5.20'  socket: ''  port: 3307  MySQL Community Server (GPL)
151208 14:14:47 [Note] Plugin 'FEDERATED' is disabled.
151208 14:14:47 InnoDB: The InnoDB memory heap is disabled
151208 14:14:47 InnoDB: Mutexes and rw_locks use Windows interlocked functions
151208 14:14:47 InnoDB: Compressed tables use zlib 1.2.3
151208 14:14:47 InnoDB: Initializing buffer pool, size = 128.0M
151208 14:14:47 InnoDB: Completed initialization of buffer pool
151208 14:14:48 InnoDB: highest supported file format is Barracuda.
InnoDB: The log sequence number in ibdata files does not match
InnoDB: the log sequence number in the ib_logfiles!
151208 14:14:48  InnoDB: Database was not shut down normally!
InnoDB: Starting crash recovery.
InnoDB: Reading tablespace information from the .ibd files...
InnoDB: Restoring possible half-written data pages from the doublewrite
InnoDB: buffer...
151208 14:14:48  InnoDB: Waiting for the background threads to start
151208 14:14:49 InnoDB: 1.1.8 started; log sequence number 1595675
151208 14:14:50 [Note] Event Scheduler: Loaded 0 events
151208 14:14:50 [Note] E:\U27\USBWebserver v8.5\8.5/mysql/bin/mysqld_usbwv8.exe: ready for connections.
Version: '5.5.20'  socket: ''  port: 3307  MySQL Community Server (GPL)
160104 16:27:03 [Note] Plugin 'FEDERATED' is disabled.
160104 16:27:05 InnoDB: The InnoDB memory heap is disabled
160104 16:27:05 InnoDB: Mutexes and rw_locks use Windows interlocked functions
160104 16:27:05 InnoDB: Compressed tables use zlib 1.2.3
160104 16:27:05 InnoDB: Initializing buffer pool, size = 128.0M
160104 16:27:05 InnoDB: Completed initialization of buffer pool
160104 16:27:05 InnoDB: highest supported file format is Barracuda.
InnoDB: The log sequence number in ibdata files does not match
InnoDB: the log sequence number in the ib_logfiles!
160104 16:27:05  InnoDB: Database was not shut down normally!
InnoDB: Starting crash recovery.
InnoDB: Reading tablespace information from the .ibd files...
InnoDB: Restoring possible half-written data pages from the doublewrite
InnoDB: buffer...
160104 16:27:08  InnoDB: Waiting for the background threads to start
160104 16:27:09 InnoDB: 1.1.8 started; log sequence number 1595675
160104 16:27:11 [Note] Event Scheduler: Loaded 0 events
160104 16:27:11 [Note] E:\U27\USBWebserver v8.5\8.5/mysql/bin/mysqld_usbwv8.exe: ready for connections.
Version: '5.5.20'  socket: ''  port: 3307  MySQL Community Server (GPL)
160202  9:09:25 [Note] Plugin 'FEDERATED' is disabled.
160202  9:09:27 InnoDB: The InnoDB memory heap is disabled
160202  9:09:27 InnoDB: Mutexes and rw_locks use Windows interlocked functions
160202  9:09:27 InnoDB: Compressed tables use zlib 1.2.3
160202  9:09:27 InnoDB: Initializing buffer pool, size = 128.0M
160202  9:09:27 InnoDB: Completed initialization of buffer pool
160202  9:09:29 InnoDB: highest supported file format is Barracuda.
InnoDB: The log sequence number in ibdata files does not match
InnoDB: the log sequence number in the ib_logfiles!
160202  9:09:29  InnoDB: Database was not shut down normally!
InnoDB: Starting crash recovery.
InnoDB: Reading tablespace information from the .ibd files...
InnoDB: Restoring possible half-written data pages from the doublewrite
InnoDB: buffer...
160202  9:09:33  InnoDB: Waiting for the background threads to start
160202  9:09:34 InnoDB: 1.1.8 started; log sequence number 1595675
160202  9:09:42 [Note] Event Scheduler: Loaded 0 events
160202  9:09:42 [Note] E:\U27 Server Side\USBWebserver v8.5\8.5/mysql/bin/mysqld_usbwv8.exe: ready for connections.
Version: '5.5.20'  socket: ''  port: 3307  MySQL Community Server (GPL)
160215  9:52:34 [Note] Plugin 'FEDERATED' is disabled.
160215  9:52:35 InnoDB: The InnoDB memory heap is disabled
160215  9:52:35 InnoDB: Mutexes and rw_locks use Windows interlocked functions
160215  9:52:35 InnoDB: Compressed tables use zlib 1.2.3
160215  9:52:35 InnoDB: Initializing buffer pool, size = 128.0M
160215  9:52:35 InnoDB: Completed initialization of buffer pool
160215  9:52:36 InnoDB: highest supported file format is Barracuda.
InnoDB: The log sequence number in ibdata files does not match
InnoDB: the log sequence number in the ib_logfiles!
160215  9:52:36  InnoDB: Database was not shut down normally!
InnoDB: Starting crash recovery.
InnoDB: Reading tablespace information from the .ibd files...
InnoDB: Restoring possible half-written data pages from the doublewrite
InnoDB: buffer...
160215  9:52:39  InnoDB: Waiting for the background threads to start
160215  9:52:40 InnoDB: 1.1.8 started; log sequence number 1600116
160215  9:52:42 [Note] Event Scheduler: Loaded 0 events
160215  9:52:42 [Note] E:\U27 Server Side\USBWebserver v8.5\8.5/mysql/bin/mysqld_usbwv8.exe: ready for connections.
Version: '5.5.20'  socket: ''  port: 3307  MySQL Community Server (GPL)
160315 16:25:46 [Note] Plugin 'FEDERATED' is disabled.
160315 16:25:48 InnoDB: The InnoDB memory heap is disabled
160315 16:25:48 InnoDB: Mutexes and rw_locks use Windows interlocked functions
160315 16:25:48 InnoDB: Compressed tables use zlib 1.2.3
160315 16:25:48 InnoDB: Initializing buffer pool, size = 128.0M
160315 16:25:48 InnoDB: Completed initialization of buffer pool
160315 16:25:48 InnoDB: highest supported file format is Barracuda.
InnoDB: The log sequence number in ibdata files does not match
InnoDB: the log sequence number in the ib_logfiles!
160315 16:25:48  InnoDB: Database was not shut down normally!
InnoDB: Starting crash recovery.
InnoDB: Reading tablespace information from the .ibd files...
InnoDB: Restoring possible half-written data pages from the doublewrite
InnoDB: buffer...
160315 16:25:51  InnoDB: Waiting for the background threads to start
160315 16:25:52 InnoDB: 1.1.8 started; log sequence number 1615206
160315 16:25:54 [Note] Event Scheduler: Loaded 0 events
160315 16:25:54 [Note] E:\U27 Server Side\USBWebserver v8.5\8.5/mysql/bin/mysqld_usbwv8.exe: ready for connections.
Version: '5.5.20'  socket: ''  port: 3307  MySQL Community Server (GPL)
160316  8:30:46 [Note] Plugin 'FEDERATED' is disabled.
160316  8:30:47 InnoDB: The InnoDB memory heap is disabled
160316  8:30:47 InnoDB: Mutexes and rw_locks use Windows interlocked functions
160316  8:30:47 InnoDB: Compressed tables use zlib 1.2.3
160316  8:30:47 InnoDB: Initializing buffer pool, size = 128.0M
160316  8:30:47 InnoDB: Completed initialization of buffer pool
160316  8:30:48 InnoDB: highest supported file format is Barracuda.
InnoDB: The log sequence number in ibdata files does not match
InnoDB: the log sequence number in the ib_logfiles!
160316  8:30:48  InnoDB: Database was not shut down normally!
InnoDB: Starting crash recovery.
InnoDB: Reading tablespace information from the .ibd files...
InnoDB: Restoring possible half-written data pages from the doublewrite
InnoDB: buffer...
160316  8:30:50  InnoDB: Waiting for the background threads to start
160316  8:30:51 InnoDB: 1.1.8 started; log sequence number 1619005
160316  8:30:52 [Note] Event Scheduler: Loaded 0 events
160316  8:30:52 [Note] E:\U27 Server Side\USBWebserver v8.5\8.5/mysql/bin/mysqld_usbwv8.exe: ready for connections.
Version: '5.5.20'  socket: ''  port: 3307  MySQL Community Server (GPL)
170322 11:24:20 [Note] Plugin 'FEDERATED' is disabled.
170322 11:24:21 InnoDB: The InnoDB memory heap is disabled
170322 11:24:21 InnoDB: Mutexes and rw_locks use Windows interlocked functions
170322 11:24:21 InnoDB: Compressed tables use zlib 1.2.3
170322 11:24:21 InnoDB: Initializing buffer pool, size = 128.0M
170322 11:24:21 InnoDB: Completed initialization of buffer pool
170322 11:24:21 InnoDB: highest supported file format is Barracuda.
InnoDB: The log sequence number in ibdata files does not match
InnoDB: the log sequence number in the ib_logfiles!
170322 11:24:21  InnoDB: Database was not shut down normally!
InnoDB: Starting crash recovery.
InnoDB: Reading tablespace information from the .ibd files...
InnoDB: Restoring possible half-written data pages from the doublewrite
InnoDB: buffer...
170322 11:24:24  InnoDB: Waiting for the background threads to start
170322 11:24:25 InnoDB: 1.1.8 started; log sequence number 1633499
170322 11:24:27 [Note] Event Scheduler: Loaded 0 events
170322 11:24:27 [Note] E:\U27 Server Side\USBWebserver v8.5\8.5/mysql/bin/mysqld_usbwv8.exe: ready for connections.
Version: '5.5.20'  socket: ''  port: 3307  MySQL Community Server (GPL)
170926 15:28:24 [Note] Plugin 'FEDERATED' is disabled.
170926 15:28:25 InnoDB: The InnoDB memory heap is disabled
170926 15:28:25 InnoDB: Mutexes and rw_locks use Windows interlocked functions
170926 15:28:25 InnoDB: Compressed tables use zlib 1.2.3
170926 15:28:25 InnoDB: Initializing buffer pool, size = 128.0M
170926 15:28:25 InnoDB: Completed initialization of buffer pool
170926 15:28:26 InnoDB: highest supported file format is Barracuda.
InnoDB: The log sequence number in ibdata files does not match
InnoDB: the log sequence number in the ib_logfiles!
170926 15:28:26  InnoDB: Database was not shut down normally!
InnoDB: Starting crash recovery.
InnoDB: Reading tablespace information from the .ibd files...
InnoDB: Restoring possible half-written data pages from the doublewrite
InnoDB: buffer...
170926 15:28:28  InnoDB: Waiting for the background threads to start
170926 15:28:29 InnoDB: 1.1.8 started; log sequence number 1633499
170926 15:28:31 [Note] Event Scheduler: Loaded 0 events
170926 15:28:31 [Note] E:\U27 Server Side\USBWebserver v8.5\8.5/mysql/bin/mysqld_usbwv8.exe: ready for connections.
Version: '5.5.20'  socket: ''  port: 3307  MySQL Community Server (GPL)
180109 14:31:22 [Note] Plugin 'FEDERATED' is disabled.
180109 14:31:22 InnoDB: The InnoDB memory heap is disabled
180109 14:31:22 InnoDB: Mutexes and rw_locks use Windows interlocked functions
180109 14:31:22 InnoDB: Compressed tables use zlib 1.2.3
180109 14:31:22 InnoDB: Initializing buffer pool, size = 128.0M
180109 14:31:22 InnoDB: Completed initialization of buffer pool
180109 14:31:22 InnoDB: highest supported file format is Barracuda.
InnoDB: The log sequence number in ibdata files does not match
InnoDB: the log sequence number in the ib_logfiles!
180109 14:31:22  InnoDB: Database was not shut down normally!
InnoDB: Starting crash recovery.
InnoDB: Reading tablespace information from the .ibd files...
InnoDB: Restoring possible half-written data pages from the doublewrite
InnoDB: buffer...
180109 14:31:23  InnoDB: Waiting for the background threads to start
180109 14:31:24 InnoDB: 1.1.8 started; log sequence number 1633499
180109 14:31:31 [Note] Event Scheduler: Loaded 0 events
180109 14:31:31 [Note] E:\U27 Server Side\USBWebserver v8.5\8.5/mysql/bin/mysqld_usbwv8.exe: ready for connections.
Version: '5.5.20'  socket: ''  port: 3307  MySQL Community Server (GPL)
