200120 14:14:13 [Note] Plugin 'FEDERATED' is disabled.
200120 14:14:13 InnoDB: The InnoDB memory heap is disabled
200120 14:14:13 InnoDB: Mutexes and rw_locks use Windows interlocked functions
200120 14:14:13 InnoDB: Compressed tables use zlib 1.2.3
200120 14:14:13 InnoDB: Initializing buffer pool, size = 128.0M
200120 14:14:13 InnoDB: Completed initialization of buffer pool
200120 14:14:14 InnoDB: highest supported file format is Barracuda.
InnoDB: The log sequence number in ibdata files does not match
InnoDB: the log sequence number in the ib_logfiles!
200120 14:14:14  InnoDB: Database was not shut down normally!
InnoDB: Starting crash recovery.
InnoDB: Reading tablespace information from the .ibd files...
InnoDB: Restoring possible half-written data pages from the doublewrite
InnoDB: buffer...
200120 14:14:14  InnoDB: Waiting for the background threads to start
200120 14:14:15 InnoDB: 1.1.8 started; log sequence number 1633509
200120 14:17:59 [Note] Plugin 'FEDERATED' is disabled.
200120 14:17:59 InnoDB: The InnoDB memory heap is disabled
200120 14:17:59 InnoDB: Mutexes and rw_locks use Windows interlocked functions
200120 14:17:59 InnoDB: Compressed tables use zlib 1.2.3
200120 14:17:59 InnoDB: Initializing buffer pool, size = 128.0M
200120 14:17:59 InnoDB: Completed initialization of buffer pool
200120 14:17:59 InnoDB: highest supported file format is Barracuda.
InnoDB: The log sequence number in ibdata files does not match
InnoDB: the log sequence number in the ib_logfiles!
200120 14:17:59  InnoDB: Database was not shut down normally!
InnoDB: Starting crash recovery.
InnoDB: Reading tablespace information from the .ibd files...
InnoDB: Restoring possible half-written data pages from the doublewrite
InnoDB: buffer...
200120 14:17:59  InnoDB: Waiting for the background threads to start
200120 14:18:00 InnoDB: 1.1.8 started; log sequence number 1633509
200120 14:18:00 [Note] Event Scheduler: Loaded 0 events
200120 14:18:00 [Note] E:\unit 27\USBWebserver v8.5\8.5/mysql/bin/mysqld_usbwv8.exe: ready for connections.
Version: '5.5.20'  socket: ''  port: 3307  MySQL Community Server (GPL)
200120 15:44:40 [Note] Plugin 'FEDERATED' is disabled.
200120 15:44:40 InnoDB: The InnoDB memory heap is disabled
200120 15:44:40 InnoDB: Mutexes and rw_locks use Windows interlocked functions
200120 15:44:40 InnoDB: Compressed tables use zlib 1.2.3
200120 15:44:40 InnoDB: Initializing buffer pool, size = 128.0M
200120 15:44:40 InnoDB: Completed initialization of buffer pool
200120 15:44:40 InnoDB: highest supported file format is Barracuda.
InnoDB: The log sequence number in ibdata files does not match
InnoDB: the log sequence number in the ib_logfiles!
200120 15:44:40  InnoDB: Database was not shut down normally!
InnoDB: Starting crash recovery.
InnoDB: Reading tablespace information from the .ibd files...
InnoDB: Restoring possible half-written data pages from the doublewrite
InnoDB: buffer...
200120 15:44:41  InnoDB: Waiting for the background threads to start
200120 15:44:42 InnoDB: 1.1.8 started; log sequence number 1662179
