160106  9:45:36 [Note] Plugin 'FEDERATED' is disabled.
160106  9:45:39 InnoDB: The InnoDB memory heap is disabled
160106  9:45:39 InnoDB: Mutexes and rw_locks use Windows interlocked functions
160106  9:45:39 InnoDB: Compressed tables use zlib 1.2.3
160106  9:45:39 InnoDB: Initializing buffer pool, size = 128.0M
160106  9:45:39 InnoDB: Completed initialization of buffer pool
160106  9:45:39 InnoDB: highest supported file format is Barracuda.
InnoDB: The log sequence number in ibdata files does not match
InnoDB: the log sequence number in the ib_logfiles!
160106  9:45:39  InnoDB: Database was not shut down normally!
InnoDB: Starting crash recovery.
InnoDB: Reading tablespace information from the .ibd files...
InnoDB: Restoring possible half-written data pages from the doublewrite
InnoDB: buffer...
160106  9:45:40  InnoDB: Waiting for the background threads to start
160106  9:45:41 InnoDB: 1.1.8 started; log sequence number 1595675
160106  9:45:42 [Note] Event Scheduler: Loaded 0 events
160106  9:45:42 [Note] E:\U27\USBWebserver v8.5\8.5/mysql/bin/mysqld_usbwv8.exe: ready for connections.
Version: '5.5.20'  socket: ''  port: 3307  MySQL Community Server (GPL)
160302  9:56:13 [Note] Plugin 'FEDERATED' is disabled.
160302  9:56:13 InnoDB: The InnoDB memory heap is disabled
160302  9:56:13 InnoDB: Mutexes and rw_locks use Windows interlocked functions
160302  9:56:13 InnoDB: Compressed tables use zlib 1.2.3
160302  9:56:14 InnoDB: Initializing buffer pool, size = 128.0M
160302  9:56:14 InnoDB: Completed initialization of buffer pool
160302  9:56:15 InnoDB: highest supported file format is Barracuda.
InnoDB: The log sequence number in ibdata files does not match
InnoDB: the log sequence number in the ib_logfiles!
160302  9:56:15  InnoDB: Database was not shut down normally!
InnoDB: Starting crash recovery.
InnoDB: Reading tablespace information from the .ibd files...
InnoDB: Restoring possible half-written data pages from the doublewrite
InnoDB: buffer...
160302  9:56:17  InnoDB: Waiting for the background threads to start
160302  9:56:18 InnoDB: 1.1.8 started; log sequence number 1608510
160302  9:56:20 [Note] Event Scheduler: Loaded 0 events
160302  9:56:20 [Note] E:\U27 Server Side\USBWebserver v8.5\8.5/mysql/bin/mysqld_usbwv8.exe: ready for connections.
Version: '5.5.20'  socket: ''  port: 3307  MySQL Community Server (GPL)
160316  9:00:51 [Note] Plugin 'FEDERATED' is disabled.
160316  9:00:51 InnoDB: The InnoDB memory heap is disabled
160316  9:00:51 InnoDB: Mutexes and rw_locks use Windows interlocked functions
160316  9:00:51 InnoDB: Compressed tables use zlib 1.2.3
160316  9:00:51 InnoDB: Initializing buffer pool, size = 128.0M
160316  9:00:51 InnoDB: Completed initialization of buffer pool
160316  9:00:52 InnoDB: highest supported file format is Barracuda.
InnoDB: The log sequence number in ibdata files does not match
InnoDB: the log sequence number in the ib_logfiles!
160316  9:00:52  InnoDB: Database was not shut down normally!
InnoDB: Starting crash recovery.
InnoDB: Reading tablespace information from the .ibd files...
InnoDB: Restoring possible half-written data pages from the doublewrite
InnoDB: buffer...
160316  9:00:53  InnoDB: Waiting for the background threads to start
160316  9:00:54 InnoDB: 1.1.8 started; log sequence number 1619015
160316  9:00:55 [Note] Event Scheduler: Loaded 0 events
160316  9:00:55 [Note] E:\U27 Server Side\USBWebserver v8.5\8.5/mysql/bin/mysqld_usbwv8.exe: ready for connections.
Version: '5.5.20'  socket: ''  port: 3307  MySQL Community Server (GPL)
